Human_MHC_DNA	iteration_1	99.7	362	1	0	1	1086	1	362	2.8e-216	743.0
Human_MHC_DNA	iteration_2	99.4	362	2	0	1	1086	1	362	1.4e-215	740.7
Human_MHC_DNA	iteration_3	99.2	362	3	0	1	1086	1	362	8.9e-215	738.0
Human_MHC_DNA	iteration_5	98.6	362	5	0	1	1086	1	362	5.8e-214	735.3
Human_MHC_DNA	iteration_4	98.9	362	4	0	1	1086	1	362	9.8e-214	734.6
Human_MHC_DNA	iteration_6	98.6	362	5	0	1	1086	1	362	6.4e-213	731.9
Human_MHC_DNA	iteration_7	98.1	362	7	0	1	1086	1	362	6.4e-213	731.9
Human_MHC_DNA	iteration_9	97.5	362	9	0	1	1086	1	362	2.3e-210	723.4
Human_MHC_DNA	iteration_8	97.8	362	8	0	1	1086	1	362	3e-210	723.0
Human_MHC_DNA	iteration_11	97.2	362	10	0	1	1086	1	362	6.6e-210	721.8
Human_MHC_DNA	iteration_14	97.2	362	10	0	1	1086	1	362	6.6e-210	721.8
Human_MHC_DNA	iteration_10	97.2	362	10	0	1	1086	1	362	7.3e-209	718.4
Human_MHC_DNA	iteration_12	96.7	362	12	0	1	1086	1	362	2.3e-207	713.4
Human_MHC_DNA	iteration_15	96.1	362	14	0	1	1086	1	362	4e-207	712.6
Human_MHC_DNA	iteration_13	96.7	362	12	0	1	1086	1	362	3.4e-206	709.5
Human_MHC_DNA	iteration_17	95.6	362	16	0	1	1086	1	362	2.4e-204	703.4
Human_MHC_DNA	iteration_16	95.6	362	16	0	1	1086	1	362	9.2e-204	701.4
Human_MHC_DNA	iteration_18	95.3	362	17	0	1	1086	1	362	1e-202	698.0
Human_MHC_DNA	iteration_19	95.3	362	17	0	1	1086	1	362	2.3e-202	696.8
Human_MHC_DNA	iteration_22	94.8	362	19	0	1	1086	1	362	3.9e-202	696.0
Human_MHC_DNA	iteration_23	94.2	362	21	0	1	1086	1	362	5.1e-202	695.7
Human_MHC_DNA	iteration_21	94.5	361	20	0	4	1086	2	362	6.6e-202	695.3
Human_MHC_DNA	iteration_20	94.5	362	20	0	1	1086	1	362	4.3e-201	692.6
Human_MHC_DNA	iteration_24	93.6	361	23	0	4	1086	2	362	8.1e-200	688.3
Human_MHC_DNA	iteration_26	93.6	362	23	0	1	1086	1	362	7.6e-198	681.8
Human_MHC_DNA	iteration_28	92.8	362	26	0	1	1086	1	362	1.7e-197	680.6
Human_MHC_DNA	iteration_25	93.6	362	23	0	1	1086	1	362	2.9e-197	679.9
Human_MHC_DNA	iteration_27	92.8	362	26	0	1	1086	1	362	4.9e-197	679.1
Human_MHC_DNA	iteration_29	92.3	362	28	0	1	1086	1	362	1.1e-196	677.9
Human_MHC_DNA	iteration_32	92.0	362	29	0	1	1086	1	362	1.2e-195	674.5
Human_MHC_DNA	iteration_35	92.0	362	29	0	1	1086	1	362	4.6e-195	672.5
Human_MHC_DNA	iteration_31	92.3	362	28	0	1	1086	1	362	3e-194	669.8
Human_MHC_DNA	iteration_30	92.5	362	27	0	1	1086	1	362	3e-194	669.8
Human_MHC_DNA	iteration_38	91.2	362	32	0	1	1086	1	362	3.3e-193	666.4
Human_MHC_DNA	iteration_40	90.6	362	34	0	1	1086	1	362	4.3e-193	666.0
Human_MHC_DNA	iteration_36	91.2	362	32	0	1	1086	1	362	1.6e-192	664.1
Human_MHC_DNA	iteration_39	90.9	362	33	0	1	1086	1	362	1.6e-192	664.1
Human_MHC_DNA	iteration_37	90.9	362	33	0	1	1086	1	362	6.2e-192	662.1
Human_MHC_DNA	iteration_34	90.9	362	33	0	1	1086	1	362	1.2e-190	657.9
Human_MHC_DNA	iteration_33	91.2	362	32	0	1	1086	1	362	1.7e-189	654.1
Human_MHC_DNA	iteration_42	89.8	362	37	0	1	1086	1	362	2.9e-189	653.3
Human_MHC_DNA	iteration_46	89.2	362	39	0	1	1086	1	362	7.1e-188	648.7
Human_MHC_DNA	iteration_45	89.5	362	38	0	1	1086	1	362	1e-186	644.8
Human_MHC_DNA	iteration_41	89.8	362	37	0	1	1086	1	362	1.7e-186	644.0
Human_MHC_DNA	iteration_50	88.1	362	43	0	1	1086	1	362	6.6e-186	642.1
Human_MHC_DNA	iteration_57	87.8	361	44	0	1	1083	1	361	8.7e-186	641.7
Human_MHC_DNA	iteration_49	88.1	362	43	0	1	1086	1	362	9.6e-185	638.3
Human_MHC_DNA	iteration_44	89.2	362	39	0	1	1086	1	362	1.1e-183	634.8
Human_MHC_DNA	iteration_52	86.7	361	48	0	4	1086	2	362	4e-183	632.9
Human_MHC_DNA	iteration_51	87.6	362	45	0	1	1086	1	362	2e-182	630.6
Human_MHC_DNA	iteration_43	88.4	362	42	0	1	1086	1	362	2.6e-182	630.2
Human_MHC_DNA	iteration_47	88.4	362	42	0	1	1086	1	362	4.5e-182	629.4
Human_MHC_DNA	iteration_54	87.6	362	45	0	1	1086	1	362	5.8e-182	629.0
Human_MHC_DNA	iteration_60	86.2	362	50	0	1	1086	1	362	8.4e-181	625.2
Human_MHC_DNA	iteration_56	87.0	361	47	0	1	1083	1	361	3.2e-180	623.2
Human_MHC_DNA	iteration_53	87.5	361	45	0	4	1086	2	362	1.2e-179	621.3
Human_MHC_DNA	iteration_59	85.9	362	51	0	1	1086	1	362	1.6e-179	620.9
Human_MHC_DNA	iteration_58	86.2	362	50	0	1	1086	1	362	4.6e-179	619.4
Human_MHC_DNA	iteration_55	86.2	362	50	0	1	1086	1	362	1e-178	618.2
Human_MHC_DNA	iteration_48	87.0	362	47	0	1	1086	1	362	2.3e-178	617.1
Human_MHC_DNA	iteration_61	85.9	362	51	0	1	1086	1	362	1.1e-177	614.8
Human_MHC_DNA	iteration_67	83.7	362	59	0	1	1086	1	362	2.4e-175	607.1
Human_MHC_DNA	iteration_63	84.5	362	56	0	1	1086	1	362	9e-175	605.1
Human_MHC_DNA	iteration_70	83.4	362	60	0	1	1086	1	362	1.1e-172	598.2
Human_MHC_DNA	iteration_62	84.3	362	57	0	1	1086	1	362	1.9e-172	597.4
Human_MHC_DNA	iteration_74	84.0	362	58	0	1	1086	1	362	7.1e-172	595.5
Human_MHC_DNA	iteration_73	82.9	362	62	0	1	1086	1	362	7.9e-171	592.0
Human_MHC_DNA	iteration_65	84.3	362	57	0	1	1086	1	362	1.3e-170	591.3
Human_MHC_DNA	iteration_66	83.7	362	59	0	1	1086	1	362	1.1e-169	588.2
Human_MHC_DNA	iteration_64	83.7	361	59	0	4	1086	2	362	3.3e-169	586.6
Human_MHC_DNA	iteration_68	83.1	362	61	0	1	1086	1	362	5.6e-169	585.9
Human_MHC_DNA	iteration_69	83.7	362	59	0	1	1086	1	362	5.6e-169	585.9
Human_MHC_DNA	iteration_72	84.1	359	57	0	1	1077	1	359	3.1e-167	580.1
Human_MHC_DNA	iteration_76	81.4	361	67	0	1	1083	1	361	5.3e-167	579.3
Human_MHC_DNA	iteration_80	81.8	362	66	0	1	1086	1	362	4.9e-165	572.8
Human_MHC_DNA	iteration_71	82.6	362	63	0	1	1086	1	362	6.5e-165	572.4
Human_MHC_DNA	iteration_75	81.5	362	67	0	1	1086	1	362	1.2e-163	568.2
Human_MHC_DNA	iteration_97	79.3	362	75	0	1	1086	1	362	6e-163	565.8
Human_MHC_DNA	iteration_82	79.6	362	74	0	1	1086	1	362	6e-163	565.8
Human_MHC_DNA	iteration_77	81.5	362	67	0	1	1086	1	362	6e-163	565.8
Human_MHC_DNA	iteration_91	80.4	362	71	0	1	1086	1	362	3e-162	563.5
Human_MHC_DNA	iteration_81	81.5	362	67	0	1	1086	1	362	5.1e-162	562.8
Human_MHC_DNA	iteration_79	80.9	362	69	0	1	1086	1	362	1.9e-161	560.8
Human_MHC_DNA	iteration_78	80.9	362	69	0	1	1086	1	362	9.7e-161	558.5
Human_MHC_DNA	iteration_84	79.0	362	76	0	1	1086	1	362	9.7e-161	558.5
Human_MHC_DNA	iteration_83	80.6	360	70	0	1	1080	1	360	1.6e-160	557.8
Human_MHC_DNA	iteration_87	79.6	362	74	0	1	1086	1	362	1.1e-159	555.1
Human_MHC_DNA	iteration_85	80.1	362	72	0	1	1086	1	362	1.1e-159	555.1
Human_MHC_DNA	iteration_92	79.3	362	75	0	1	1086	1	362	1.8e-159	554.3
Human_MHC_DNA	iteration_95	78.9	361	76	0	1	1083	1	361	1.8e-159	554.3
Human_MHC_DNA	iteration_86	79.0	362	76	0	1	1086	1	362	5.3e-159	552.7
Human_MHC_DNA	iteration_99	77.9	362	80	0	1	1086	1	362	3.8e-157	546.6
Human_MHC_DNA	iteration_88	79.2	361	75	0	4	1086	2	362	1.9e-156	544.3
Human_MHC_DNA	iteration_89	79.0	362	76	0	1	1086	1	362	3.2e-156	543.5
Human_MHC_DNA	iteration_90	78.2	362	79	0	1	1086	1	362	9.3e-156	542.0
Human_MHC_DNA	iteration_113	77.3	361	82	0	4	1086	2	362	2.7e-155	540.4
Human_MHC_DNA	iteration_96	77.9	362	80	0	1	1086	1	362	6.1e-155	539.3
Human_MHC_DNA	iteration_101	78.3	360	78	0	4	1083	2	361	7.9e-155	538.9
Human_MHC_DNA	iteration_94	78.5	362	78	0	1	1086	1	362	1.8e-154	537.7
Human_MHC_DNA	iteration_98	77.6	362	81	0	1	1086	1	362	5.1e-154	536.2
Human_MHC_DNA	iteration_93	77.9	362	80	0	1	1086	1	362	1.1e-153	535.0
Human_MHC_DNA	iteration_105	77.6	362	81	0	1	1086	1	362	4.3e-153	533.1
Human_MHC_DNA	iteration_103	76.0	362	87	0	1	1086	1	362	3.1e-151	526.9
Human_MHC_DNA	iteration_102	76.2	362	86	0	1	1086	1	362	4.1e-151	526.6
Human_MHC_DNA	iteration_108	75.1	362	90	0	1	1086	1	362	7.7e-150	522.3
Human_MHC_DNA	iteration_109	75.4	362	89	0	1	1086	1	362	1e-149	521.9
Human_MHC_DNA	iteration_111	75.1	362	90	0	1	1086	1	362	2.5e-148	517.3
Human_MHC_DNA	iteration_100	75.9	361	87	0	4	1086	2	362	4.2e-148	516.5
Human_MHC_DNA	iteration_128	73.5	362	96	0	1	1086	1	362	3.6e-147	513.5
Human_MHC_DNA	iteration_115	75.1	362	90	0	1	1086	1	362	2.3e-146	510.8
Human_MHC_DNA	iteration_106	75.4	362	89	0	1	1086	1	362	3.9e-146	510.0
Human_MHC_DNA	iteration_126	74.3	362	93	0	1	1086	1	362	3.9e-146	510.0
Human_MHC_DNA	iteration_107	74.2	361	93	0	4	1086	2	362	2e-145	507.7
Human_MHC_DNA	iteration_110	74.3	362	93	0	1	1086	1	362	2e-145	507.7
Human_MHC_DNA	iteration_124	73.8	362	95	0	1	1086	1	362	1.3e-144	505.0
Human_MHC_DNA	iteration_117	74.0	361	94	0	4	1086	2	362	8.2e-144	502.3
Human_MHC_DNA	iteration_120	73.4	361	96	0	4	1086	2	362	1.4e-143	501.5
Human_MHC_DNA	iteration_104	74.6	362	92	0	1	1086	1	362	2.4e-143	500.7
Human_MHC_DNA	iteration_127	72.9	362	98	0	1	1086	1	362	6.9e-143	499.2
Human_MHC_DNA	iteration_118	74.6	362	92	0	1	1086	1	362	2e-142	497.7
Human_MHC_DNA	iteration_121	74.0	361	94	0	1	1083	1	361	4.5e-142	496.5
Human_MHC_DNA	iteration_123	72.9	362	98	0	1	1086	1	362	3.8e-141	493.4
Human_MHC_DNA	iteration_112	74.8	361	91	0	4	1086	2	362	1.1e-140	491.9
Human_MHC_DNA	iteration_116	73.8	362	95	0	1	1086	1	362	4.7e-139	486.5
Human_MHC_DNA	iteration_139	70.9	361	105	0	4	1086	2	362	1e-138	485.3
Human_MHC_DNA	iteration_122	73.2	362	97	0	1	1086	1	362	1.5e-137	481.5
Human_MHC_DNA	iteration_119	72.2	360	100	0	4	1083	2	361	2.6e-137	480.7
Human_MHC_DNA	iteration_134	70.2	362	108	0	1	1086	1	362	3.3e-137	480.3
Human_MHC_DNA	iteration_133	71.0	362	105	0	1	1086	1	362	4.4e-137	479.9
Human_MHC_DNA	iteration_146	71.4	360	103	0	7	1086	3	362	7.4e-137	479.2
Human_MHC_DNA	iteration_114	73.8	362	95	0	1	1086	1	362	8.2e-136	475.7
Human_MHC_DNA	iteration_131	70.7	362	106	0	1	1086	1	362	1.8e-135	474.6
Human_MHC_DNA	iteration_125	71.6	359	102	0	10	1086	4	362	4.1e-135	473.4
Human_MHC_DNA	iteration_136	69.8	358	108	0	13	1086	5	362	9.1e-135	472.2
Human_MHC_DNA	iteration_129	70.8	360	105	0	1	1080	1	360	9.1e-135	472.2
Human_MHC_DNA	iteration_130	71.5	362	103	0	1	1086	1	362	9.1e-135	472.2
Human_MHC_DNA	iteration_138	70.7	362	106	0	1	1086	1	362	3.8e-133	466.8
Human_MHC_DNA	iteration_149	69.3	362	111	0	1	1086	1	362	1.1e-132	465.3
Human_MHC_DNA	iteration_135	70.1	361	108	0	4	1086	2	362	1.1e-132	465.3
Human_MHC_DNA	iteration_140	70.2	362	108	0	1	1086	1	362	1.5e-132	464.9
Human_MHC_DNA	iteration_132	69.9	362	109	0	1	1086	1	362	3.2e-132	463.8
Human_MHC_DNA	iteration_153	69.9	362	109	0	1	1086	1	362	4.7e-131	459.9
Human_MHC_DNA	iteration_162	69.6	362	110	0	1	1086	1	362	3e-130	457.2
Human_MHC_DNA	iteration_148	69.6	359	109	0	10	1086	4	362	1.5e-129	454.9
Human_MHC_DNA	iteration_141	69.5	361	110	0	4	1086	2	362	2.6e-129	454.1
Human_MHC_DNA	iteration_137	70.2	362	108	0	1	1086	1	362	3.3e-129	453.8
Human_MHC_DNA	iteration_152	68.0	362	116	0	1	1086	1	362	4.4e-129	453.4
Human_MHC_DNA	iteration_145	69.1	362	112	0	1	1086	1	362	2.8e-128	450.7
Human_MHC_DNA	iteration_142	67.6	361	117	0	4	1086	2	362	4.8e-128	449.9
Human_MHC_DNA	iteration_144	68.1	361	115	0	4	1086	2	362	5.9e-126	443.0
Human_MHC_DNA	iteration_159	66.3	362	122	0	1	1086	1	362	1e-125	442.2
Human_MHC_DNA	iteration_143	69.6	359	109	0	7	1083	3	361	2.2e-125	441.0
Human_MHC_DNA	iteration_163	66.9	362	120	0	1	1086	1	362	2.5e-124	437.6
Human_MHC_DNA	iteration_151	67.3	361	118	0	4	1086	2	362	1.2e-123	435.3
Human_MHC_DNA	iteration_155	67.3	358	117	0	13	1086	5	362	1.2e-123	435.3
Human_MHC_DNA	iteration_171	65.1	361	126	0	1	1083	1	361	2.1e-123	434.5
Human_MHC_DNA	iteration_168	66.9	362	120	0	1	1086	1	362	2.1e-123	434.5
Human_MHC_DNA	iteration_188	65.6	355	122	0	22	1086	8	362	2.1e-123	434.5
Human_MHC_DNA	iteration_147	67.0	361	119	0	4	1086	2	362	6.1e-123	433.0
Human_MHC_DNA	iteration_150	65.7	361	124	0	4	1086	2	362	2.3e-122	431.0
Human_MHC_DNA	iteration_161	67.2	360	118	0	7	1086	3	362	2.3e-122	431.0
Human_MHC_DNA	iteration_157	66.4	360	121	0	7	1086	3	362	6.8e-122	429.5
Human_MHC_DNA	iteration_174	64.4	362	129	0	1	1086	1	362	2e-121	427.9
Human_MHC_DNA	iteration_173	64.6	362	128	0	1	1086	1	362	7.5e-121	426.0
Human_MHC_DNA	iteration_167	65.6	363	123	2	1	1086	1	362	1.7e-120	424.9
Human_MHC_DNA	iteration_158	64.6	362	128	0	1	1086	1	362	2.8e-120	424.1
Human_MHC_DNA	iteration_169	65.1	361	126	0	1	1083	1	361	8.3e-120	422.5
Human_MHC_DNA	iteration_154	66.0	362	123	0	1	1086	1	362	1.4e-119	421.8
Human_MHC_DNA	iteration_156	66.9	357	118	0	16	1086	6	362	1.4e-119	421.8
Human_MHC_DNA	iteration_178	64.9	362	127	0	1	1086	1	362	1.8e-119	421.4
Human_MHC_DNA	iteration_177	64.3	361	129	0	4	1086	2	362	9.1e-119	419.1
Human_MHC_DNA	iteration_160	65.6	360	124	0	1	1080	1	360	2e-118	417.9
Human_MHC_DNA	iteration_180	64.4	360	128	0	4	1083	2	361	5.9e-118	416.4
Human_MHC_DNA	iteration_165	65.7	361	124	0	1	1083	1	361	9.5e-116	409.1
Human_MHC_DNA	iteration_172	63.8	359	130	0	1	1077	1	359	1.6e-115	408.3
Human_MHC_DNA	iteration_175	63.0	362	134	0	1	1086	1	362	5.2e-114	403.3
Human_MHC_DNA	iteration_164	64.6	362	128	0	1	1086	1	362	8.9e-114	402.5
Human_MHC_DNA	iteration_170	62.9	361	134	0	4	1086	2	362	2.6e-113	401.0
Human_MHC_DNA	iteration_183	62.3	361	136	0	4	1086	2	362	4.4e-113	400.2
Human_MHC_DNA	iteration_194	63.3	362	133	0	1	1086	1	362	9.8e-113	399.1
Human_MHC_DNA	iteration_176	63.4	358	125	2	4	1068	2	356	2.2e-112	397.9
Human_MHC_DNA	iteration_166	63.8	362	131	0	1	1086	1	362	1.4e-111	395.2
Human_MHC_DNA	iteration_195	61.2	361	140	0	4	1086	2	362	9.2e-111	392.5
Human_MHC_DNA	iteration_179	63.4	358	131	0	1	1074	1	358	1.2e-110	392.1
Human_MHC_DNA	iteration_191	63.2	361	133	0	4	1086	2	362	2.3e-109	387.9
Human_MHC_DNA	iteration_184	61.0	362	141	0	1	1086	1	362	2.9e-109	387.5
Human_MHC_DNA	iteration_192	59.1	362	148	0	1	1086	1	362	2.5e-108	384.4
Human_MHC_DNA	iteration_204	60.7	366	136	3	1	1086	1	362	4.3e-108	383.6
Human_MHC_DNA	iteration_185	61.3	362	140	0	1	1086	1	362	1.2e-107	382.1
Human_MHC_DNA	iteration_181	61.6	359	138	0	10	1086	4	362	1.6e-107	381.7
Human_MHC_DNA	iteration_193	62.4	354	133	0	1	1062	1	354	3e-106	377.5
Human_MHC_DNA	iteration_182	61.0	362	141	0	1	1086	1	362	3e-106	377.5
Human_MHC_DNA	iteration_201	60.9	361	141	0	4	1086	2	362	5.2e-106	376.7
Human_MHC_DNA	iteration_196	59.9	362	145	0	1	1086	1	362	1.2e-105	375.6
Human_MHC_DNA	iteration_186	62.3	353	133	0	1	1059	1	353	1.5e-105	375.2
Human_MHC_DNA	iteration_207	60.6	358	141	0	4	1077	2	359	2e-105	374.8
Human_MHC_DNA	iteration_197	59.3	361	147	0	1	1083	1	361	3.4e-105	374.0
Human_MHC_DNA	iteration_198	59.0	361	148	0	1	1083	1	361	7.5e-105	372.9
Human_MHC_DNA	iteration_189	60.7	361	142	0	1	1083	1	361	3.7e-104	370.5
Human_MHC_DNA	iteration_208	59.4	362	147	0	1	1086	1	362	2.4e-103	367.9
Human_MHC_DNA	iteration_190	60.5	362	143	0	1	1086	1	362	3.2e-103	367.5
Human_MHC_DNA	iteration_209	58.6	362	150	0	1	1086	1	362	7e-103	366.3
Human_MHC_DNA	iteration_210	57.5	362	154	0	1	1086	1	362	7e-103	366.3
Human_MHC_DNA	iteration_187	59.9	362	145	0	1	1086	1	362	2e-102	364.8
Human_MHC_DNA	iteration_205	60.2	357	142	0	1	1071	1	357	2.7e-102	364.4
Human_MHC_DNA	iteration_200	59.0	361	148	0	1	1083	1	361	6e-102	363.2
Human_MHC_DNA	iteration_220	58.2	361	151	0	1	1083	1	361	1e-101	362.5
Human_MHC_DNA	iteration_213	59.7	362	144	2	4	1086	2	362	1.7e-101	361.7
Human_MHC_DNA	iteration_219	58.8	362	149	0	1	1086	1	362	3e-101	360.9
Human_MHC_DNA	iteration_199	59.4	362	147	0	1	1086	1	362	5e-101	360.1
Human_MHC_DNA	iteration_231	58.3	360	150	0	4	1083	2	361	5e-101	360.1
Human_MHC_DNA	iteration_230	58.1	360	151	0	1	1080	1	360	1.5e-100	358.6
Human_MHC_DNA	iteration_229	58.3	357	149	0	4	1074	2	358	2.5e-100	357.8
Human_MHC_DNA	iteration_206	58.8	362	149	0	1	1086	1	362	4.3e-100	357.1
Human_MHC_DNA	iteration_215	57.6	361	153	0	4	1086	2	362	7.3e-100	356.3
Human_MHC_DNA	iteration_202	58.0	355	149	0	19	1083	7	361	1.2e-99	355.5
Human_MHC_DNA	iteration_224	57.7	362	153	0	1	1086	1	362	3.6e-99	354.0
Human_MHC_DNA	iteration_227	57.4	359	153	0	10	1086	4	362	1.4e-98	352.1
Human_MHC_DNA	iteration_228	57.7	359	152	0	10	1086	4	362	5.2e-98	350.1
Human_MHC_DNA	iteration_203	58.6	360	149	0	7	1086	3	362	8.9e-98	349.4
Human_MHC_DNA	iteration_211	57.5	362	154	0	1	1086	1	362	3.4e-97	347.4
Human_MHC_DNA	iteration_217	57.8	358	151	0	1	1074	1	358	9.8e-97	345.9
Human_MHC_DNA	iteration_214	56.1	362	159	0	1	1086	1	362	2.2e-96	344.7
Human_MHC_DNA	iteration_221	55.7	361	160	0	1	1083	1	361	2.2e-96	344.7
Human_MHC_DNA	iteration_216	57.4	364	151	2	1	1086	1	362	3.7e-96	344.0
Human_MHC_DNA	iteration_233	56.5	361	157	0	4	1086	2	362	4.9e-96	343.6
Human_MHC_DNA	iteration_252	55.7	359	159	0	10	1086	4	362	2.4e-95	341.3
Human_MHC_DNA	iteration_218	57.9	359	151	0	10	1086	4	362	7e-95	339.7
Human_MHC_DNA	iteration_232	55.8	362	160	0	1	1086	1	362	4.6e-94	337.0
Human_MHC_DNA	iteration_225	55.5	362	157	2	1	1080	1	360	5e-93	333.6
Human_MHC_DNA	iteration_212	56.0	361	159	0	4	1086	2	362	9.5e-92	329.3
Human_MHC_DNA	iteration_240	55.1	361	162	0	4	1086	2	362	2.1e-91	328.2
Human_MHC_DNA	iteration_239	55.2	362	162	0	1	1086	1	362	3.6e-91	327.4
Human_MHC_DNA	iteration_237	56.1	360	158	0	1	1080	1	360	6.2e-91	326.6
Human_MHC_DNA	iteration_243	55.9	363	156	4	1	1083	1	361	1.1e-90	325.9
Human_MHC_DNA	iteration_268	54.7	362	164	0	1	1086	1	362	3.1e-90	324.3
Human_MHC_DNA	iteration_236	55.4	354	158	0	1	1062	1	354	1.2e-89	322.4
Human_MHC_DNA	iteration_257	52.5	360	171	0	7	1086	3	362	2.6e-89	321.2
Human_MHC_DNA	iteration_235	53.3	362	167	2	1	1083	1	361	2.6e-89	321.2
Human_MHC_DNA	iteration_244	54.8	361	163	0	1	1083	1	361	2.9e-88	317.8
Human_MHC_DNA	iteration_254	52.9	361	170	0	1	1083	1	361	6.4e-88	316.6
Human_MHC_DNA	iteration_234	54.6	361	164	0	1	1083	1	361	1.1e-87	315.8
Human_MHC_DNA	iteration_258	52.4	361	172	0	4	1086	2	362	1.9e-87	315.1
Human_MHC_DNA	iteration_241	54.1	362	162	2	4	1083	2	361	3.2e-87	314.3
Human_MHC_DNA	iteration_223	54.7	362	164	0	1	1086	1	362	5.4e-87	313.5
Human_MHC_DNA	iteration_264	52.9	361	170	0	1	1083	1	361	7.1e-87	313.2
Human_MHC_DNA	iteration_226	53.5	361	168	0	1	1083	1	361	1.2e-86	312.4
Human_MHC_DNA	iteration_222	54.7	362	164	0	1	1086	1	362	5.1e-85	307.0
Human_MHC_DNA	iteration_262	51.9	366	168	2	1	1086	1	362	5.1e-85	307.0
Human_MHC_DNA	iteration_253	52.9	361	170	0	4	1086	2	362	1.5e-84	305.4
Human_MHC_DNA	iteration_250	51.7	362	175	0	1	1086	1	362	1.5e-84	305.4
Human_MHC_DNA	iteration_248	52.4	361	172	0	4	1086	2	362	1.5e-84	305.4
Human_MHC_DNA	iteration_249	53.5	357	166	0	16	1086	6	362	2.5e-84	304.7
Human_MHC_DNA	iteration_242	54.1	366	160	2	1	1086	1	362	3.3e-84	304.3
Human_MHC_DNA	iteration_247	54.6	359	163	0	10	1086	4	362	4.3e-84	303.9
Human_MHC_DNA	iteration_285	50.3	362	180	0	1	1086	1	362	3.6e-83	300.8
Human_MHC_DNA	iteration_238	51.8	361	174	0	4	1086	2	362	8.1e-83	299.7
Human_MHC_DNA	iteration_246	52.4	361	172	0	1	1083	1	361	2.4e-82	298.1
Human_MHC_DNA	iteration_276	49.2	360	183	0	4	1083	2	361	1.2e-81	295.8
Human_MHC_DNA	iteration_278	50.0	362	181	0	1	1086	1	362	2e-81	295.0
Human_MHC_DNA	iteration_259	51.5	361	175	0	4	1086	2	362	2e-81	295.0
Human_MHC_DNA	iteration_255	51.3	359	175	0	1	1077	1	359	3.4e-81	294.3
Human_MHC_DNA	iteration_245	53.3	360	168	0	1	1080	1	360	4.4e-81	293.9
Human_MHC_DNA	iteration_269	51.4	352	169	1	34	1083	10	361	7.6e-81	293.1
Human_MHC_DNA	iteration_251	52.8	345	163	0	52	1086	18	362	9.9e-81	292.7
Human_MHC_DNA	iteration_256	50.3	362	180	0	1	1086	1	362	3.8e-80	290.8
Human_MHC_DNA	iteration_267	49.3	357	181	0	1	1071	1	357	2.4e-79	288.1
Human_MHC_DNA	iteration_273	51.3	359	175	0	7	1083	3	361	2.4e-79	288.1
Human_MHC_DNA	iteration_265	50.4	365	175	2	1	1086	1	362	3.2e-79	287.7
Human_MHC_DNA	iteration_305	50.1	359	179	0	10	1086	4	362	1.6e-78	285.4
Human_MHC_DNA	iteration_277	50.8	358	176	0	7	1080	3	360	2.3e-77	281.6
Human_MHC_DNA	iteration_260	50.1	363	179	2	1	1086	1	362	3e-77	281.2
Human_MHC_DNA	iteration_270	50.3	360	179	0	4	1083	2	361	1.1e-76	279.3
Human_MHC_DNA	iteration_289	49.2	362	184	0	1	1086	1	362	3.3e-76	277.7
Human_MHC_DNA	iteration_263	50.6	354	175	0	1	1062	1	354	3.3e-76	277.7
Human_MHC_DNA	iteration_271	51.0	355	174	0	1	1065	1	355	5.6e-76	276.9
Human_MHC_DNA	iteration_261	49.3	361	183	0	1	1083	1	361	2.8e-75	274.6
Human_MHC_DNA	iteration_282	49.3	359	182	0	10	1086	4	362	3.6e-75	274.2
Human_MHC_DNA	iteration_290	48.6	360	185	0	4	1083	2	361	8.1e-75	273.1
Human_MHC_DNA	iteration_292	47.6	361	189	0	4	1086	2	362	3.4e-73	267.7
Human_MHC_DNA	iteration_306	48.6	356	183	0	13	1080	5	360	3.4e-73	267.7
Human_MHC_DNA	iteration_274	51.5	363	174	2	1	1086	1	362	1.3e-72	265.8
Human_MHC_DNA	iteration_281	49.4	362	181	2	4	1086	2	362	2.4e-71	261.5
Human_MHC_DNA	iteration_266	49.6	357	179	1	16	1083	5	361	3.2e-71	261.2
Human_MHC_DNA	iteration_272	48.9	362	183	2	4	1086	2	362	2.1e-70	258.5
Human_MHC_DNA	iteration_291	49.2	364	179	4	4	1086	2	362	2.7e-70	258.1
Human_MHC_DNA	iteration_288	48.3	362	187	0	1	1086	1	362	3.5e-70	257.7
Human_MHC_DNA	iteration_279	49.2	362	184	0	1	1086	1	362	7.8e-70	256.5
Human_MHC_DNA	iteration_296	47.0	362	192	0	1	1086	1	362	1.7e-69	255.4
Human_MHC_DNA	iteration_284	46.7	362	193	0	1	1086	1	362	1.7e-69	255.4
Human_MHC_DNA	iteration_300	46.8	359	191	0	1	1077	1	359	2.3e-69	255.0
Human_MHC_DNA	iteration_298	47.2	360	190	0	7	1086	3	362	3.9e-69	254.2
Human_MHC_DNA	iteration_286	49.0	357	182	0	1	1071	1	357	1.9e-68	251.9
Human_MHC_DNA	iteration_330	45.4	361	197	0	1	1083	1	361	7.3e-68	250.0
Human_MHC_DNA	iteration_307	44.2	362	202	0	1	1086	1	362	1.3e-67	249.2
Human_MHC_DNA	iteration_329	46.8	361	192	0	4	1086	2	362	1.3e-67	249.2
Human_MHC_DNA	iteration_317	46.0	361	195	0	1	1083	1	361	2.1e-67	248.4
Human_MHC_DNA	iteration_303	48.8	365	181	4	1	1086	1	362	8.1e-67	246.5
Human_MHC_DNA	iteration_312	45.5	352	188	4	28	1077	10	359	8.1e-67	246.5
Human_MHC_DNA	iteration_280	48.6	362	186	0	1	1086	1	362	2.4e-66	245.0
Human_MHC_DNA	iteration_331	46.8	361	192	0	4	1086	2	362	5.3e-66	243.8
Human_MHC_DNA	iteration_295	46.6	363	190	4	4	1086	2	362	6.9e-66	243.4
Human_MHC_DNA	iteration_293	47.1	363	188	2	4	1086	2	362	9e-66	243.0
Human_MHC_DNA	iteration_275	46.6	365	187	2	4	1086	2	362	1.2e-65	242.7
Human_MHC_DNA	iteration_309	46.0	359	190	1	10	1086	8	362	1.2e-65	242.7
Human_MHC_DNA	iteration_308	46.9	360	187	2	1	1074	1	358	2e-65	241.9
Human_MHC_DNA	iteration_283	44.6	361	200	0	1	1083	1	361	5.8e-65	240.4
Human_MHC_DNA	iteration_322	45.6	342	180	2	37	1053	13	351	3.8e-64	237.7
Human_MHC_DNA	iteration_301	46.9	360	187	2	1	1074	1	358	4.9e-64	237.3
Human_MHC_DNA	iteration_287	45.5	358	195	0	13	1086	5	362	6.4e-64	236.9
Human_MHC_DNA	iteration_314	46.2	351	186	3	40	1086	13	362	1.4e-63	235.7
Human_MHC_DNA	iteration_313	45.6	364	192	2	4	1086	2	362	2.4e-63	235.0
Human_MHC_DNA	iteration_318	45.0	358	197	0	10	1083	4	361	7.1e-63	233.4
Human_MHC_DNA	iteration_302	45.6	360	196	0	7	1086	3	362	2.1e-62	231.9
Human_MHC_DNA	iteration_294	46.5	357	191	0	13	1083	5	361	2.7e-62	231.5
Human_MHC_DNA	iteration_384	42.6	357	205	0	1	1071	1	357	1.3e-61	229.2
Human_MHC_DNA	iteration_341	44.4	356	198	0	10	1077	4	359	1.8e-61	228.8
Human_MHC_DNA	iteration_321	46.4	362	192	2	4	1086	2	362	2.3e-61	228.4
Human_MHC_DNA	iteration_338	43.7	355	200	0	1	1065	1	355	3.9e-61	227.6
Human_MHC_DNA	iteration_310	45.6	351	191	0	1	1053	1	351	6.7e-61	226.9
Human_MHC_DNA	iteration_311	45.3	360	197	0	7	1086	3	362	8.7e-61	226.5
Human_MHC_DNA	iteration_299	46.1	360	194	0	7	1086	3	362	1.5e-60	225.7
Human_MHC_DNA	iteration_325	44.2	362	202	0	1	1086	1	362	5.6e-60	223.8
Human_MHC_DNA	iteration_332	44.2	364	197	2	1	1083	1	361	5.6e-60	223.8
Human_MHC_DNA	iteration_324	44.6	361	200	0	4	1086	2	362	7.4e-60	223.4
Human_MHC_DNA	iteration_326	44.9	363	196	2	4	1086	2	362	2.8e-59	221.5
Human_MHC_DNA	iteration_342	44.3	357	199	0	13	1083	5	361	6.2e-59	220.3
Human_MHC_DNA	iteration_320	44.7	356	197	0	1	1068	1	356	2.4e-58	218.4
Human_MHC_DNA	iteration_353	42.8	360	206	0	4	1083	2	361	5.3e-58	217.2
Human_MHC_DNA	iteration_344	42.1	363	206	2	4	1086	2	362	5.3e-58	217.2
Human_MHC_DNA	iteration_297	44.8	357	195	2	1	1068	1	356	1.2e-57	216.1
Human_MHC_DNA	iteration_323	43.1	360	205	0	7	1086	3	362	2e-57	215.3
Human_MHC_DNA	iteration_327	43.5	359	200	2	1	1068	1	359	5.8e-57	213.8
Human_MHC_DNA	iteration_304	44.1	363	199	2	4	1086	2	362	1.3e-56	212.6
Human_MHC_DNA	iteration_336	42.5	360	207	0	1	1080	1	360	1.7e-56	212.2
Human_MHC_DNA	iteration_352	42.4	361	208	0	1	1083	1	361	3.8e-56	211.1
Human_MHC_DNA	iteration_361	43.2	361	199	2	10	1083	4	361	1.4e-55	209.1
Human_MHC_DNA	iteration_355	42.2	358	195	5	13	1068	5	356	5.5e-55	207.2
Human_MHC_DNA	iteration_319	40.1	359	215	0	10	1086	4	362	1.2e-54	206.1
Human_MHC_DNA	iteration_390	42.0	362	210	0	1	1086	1	362	1.6e-54	205.7
Human_MHC_DNA	iteration_354	40.9	367	203	4	4	1083	2	361	2.1e-54	205.3
Human_MHC_DNA	iteration_364	41.0	366	206	4	1	1083	1	361	1.3e-53	202.6
Human_MHC_DNA	iteration_333	41.9	356	207	0	4	1071	2	357	6.7e-53	200.3
Human_MHC_DNA	iteration_315	42.6	359	206	0	10	1086	4	362	6.7e-53	200.3
Human_MHC_DNA	iteration_349	41.3	363	211	2	1	1086	1	362	1.5e-52	199.1
Human_MHC_DNA	iteration_340	42.8	348	199	0	34	1077	12	359	1.5e-52	199.1
Human_MHC_DNA	iteration_350	41.9	360	209	0	4	1083	2	361	3.3e-52	198.0
Human_MHC_DNA	iteration_393	40.9	357	205	2	1	1062	1	354	9.6e-52	196.4
Human_MHC_DNA	iteration_362	41.9	360	203	4	4	1074	2	358	9.6e-52	196.4
Human_MHC_DNA	iteration_339	41.6	361	209	2	1	1080	1	360	2.8e-51	194.9
Human_MHC_DNA	iteration_394	39.9	358	211	3	4	1071	2	357	6.2e-51	193.7
Human_MHC_DNA	iteration_345	40.4	356	210	2	4	1068	2	356	1.1e-50	193.0
Human_MHC_DNA	iteration_335	39.7	355	214	0	4	1068	2	356	1.1e-50	193.0
Human_MHC_DNA	iteration_337	41.7	350	204	0	10	1059	4	353	1.8e-50	192.2
Human_MHC_DNA	iteration_351	39.6	359	217	0	7	1083	3	361	9e-50	189.9
Human_MHC_DNA	iteration_441	41.4	319	174	6	97	1032	32	344	2e-49	188.7
Human_MHC_DNA	iteration_388	39.7	365	212	2	1	1083	1	361	5.8e-49	187.2
Human_MHC_DNA	iteration_367	39.9	346	206	2	13	1047	5	349	1.3e-48	186.0
Human_MHC_DNA	iteration_356	37.8	360	206	4	13	1065	5	355	1.7e-48	185.7
Human_MHC_DNA	iteration_365	41.7	348	199	2	46	1083	16	361	2.2e-48	185.3
Human_MHC_DNA	iteration_386	39.5	362	219	0	1	1086	1	362	3.8e-48	184.5
Human_MHC_DNA	iteration_368	40.2	343	203	2	61	1086	21	362	3.8e-48	184.5
Human_MHC_DNA	iteration_378	39.4	350	210	2	1	1047	1	349	6.5e-48	183.7
Human_MHC_DNA	iteration_377	40.4	361	215	0	1	1083	1	361	1.9e-47	182.2
Human_MHC_DNA	iteration_357	40.5	365	211	2	1	1086	1	362	2.5e-47	181.8
Human_MHC_DNA	iteration_372	38.6	360	221	0	1	1080	1	360	3.2e-47	181.4
Human_MHC_DNA	iteration_366	40.2	361	214	2	1	1080	1	360	9.3e-47	179.9
Human_MHC_DNA	iteration_369	38.0	358	220	2	1	1071	1	357	2.7e-46	178.3
Human_MHC_DNA	iteration_387	39.6	359	214	1	4	1080	2	357	3.5e-46	177.9
Human_MHC_DNA	iteration_370	39.2	357	217	0	1	1071	1	357	6e-46	177.2
Human_MHC_DNA	iteration_371	40.3	367	209	6	1	1086	1	362	7.9e-46	176.8
Human_MHC_DNA	iteration_411	37.4	353	221	0	22	1080	8	360	1e-45	176.4
Human_MHC_DNA	iteration_391	40.0	365	211	5	4	1086	2	362	2.3e-45	175.3
Human_MHC_DNA	iteration_334	40.6	355	209	2	25	1086	9	362	3.9e-45	174.5
Human_MHC_DNA	iteration_410	37.6	362	222	2	1	1080	1	360	1.5e-44	172.6
Human_MHC_DNA	iteration_376	39.0	354	198	8	25	1059	9	353	1.5e-44	172.6
Human_MHC_DNA	iteration_381	38.7	357	211	2	4	1062	2	354	3.3e-44	171.4
Human_MHC_DNA	iteration_424	38.2	356	218	2	4	1068	2	356	4.3e-44	171.0
Human_MHC_DNA	iteration_374	37.7	355	221	0	19	1083	7	361	2.8e-43	168.3
Human_MHC_DNA	iteration_418	37.3	362	208	7	25	1083	10	361	6.3e-43	167.2
Human_MHC_DNA	iteration_414	37.5	365	214	6	10	1083	4	361	1.8e-42	165.6
Human_MHC_DNA	iteration_427	36.7	343	217	0	58	1086	20	362	2.4e-42	165.2
Human_MHC_DNA	iteration_343	39.8	337	201	2	58	1065	20	355	5.3e-42	164.1
Human_MHC_DNA	iteration_435	35.4	362	222	5	1	1068	1	356	5.3e-42	164.1
Human_MHC_DNA	iteration_385	35.5	361	233	0	1	1083	1	361	1.2e-41	162.9
Human_MHC_DNA	iteration_399	38.4	341	210	0	13	1035	5	345	1.5e-41	162.5
Human_MHC_DNA	iteration_437	37.8	307	189	2	4	921	2	307	2e-41	162.2
Human_MHC_DNA	iteration_360	38.1	365	220	2	1	1086	1	362	2.6e-41	161.8
Human_MHC_DNA	iteration_395	38.0	361	224	0	1	1083	1	361	3.4e-41	161.4
Human_MHC_DNA	iteration_407	37.5	371	214	6	1	1086	1	362	7.7e-41	160.2
Human_MHC_DNA	iteration_413	38.0	347	215	0	43	1083	15	361	1e-40	159.8
Human_MHC_DNA	iteration_405	36.7	362	229	0	1	1086	1	362	2.9e-40	158.3
Human_MHC_DNA	iteration_404	37.1	361	227	0	1	1083	1	361	8.5e-40	156.8
Human_MHC_DNA	iteration_412	35.9	348	223	0	43	1086	15	362	7.2e-39	153.7
Human_MHC_DNA	iteration_434	37.5	355	204	4	49	1086	17	362	1.2e-38	152.9
Human_MHC_DNA	iteration_400	36.4	368	216	7	7	1083	3	361	1.6e-38	152.5
Human_MHC_DNA	iteration_392	37.4	361	216	5	4	1071	2	357	4.6e-38	151.0
Human_MHC_DNA	iteration_398	36.6	358	227	0	4	1077	2	359	3e-37	148.3
Human_MHC_DNA	iteration_409	36.9	358	220	5	16	1080	6	360	1.1e-36	146.4
Human_MHC_DNA	iteration_455	35.0	354	224	5	37	1086	11	362	5.7e-36	144.1
Human_MHC_DNA	iteration_449	35.6	360	224	2	7	1074	3	358	5.7e-36	144.1
Human_MHC_DNA	iteration_439	35.6	357	228	2	7	1074	3	358	1.7e-35	142.5
Human_MHC_DNA	iteration_417	37.4	337	202	5	46	1041	16	348	2.2e-35	142.1
Human_MHC_DNA	iteration_406	36.1	368	223	6	1	1086	1	362	6.3e-35	140.6
Human_MHC_DNA	iteration_425	34.5	368	229	6	1	1086	1	362	1.5e-33	136.0
Human_MHC_DNA	iteration_421	34.8	362	236	0	1	1086	1	362	3.4e-33	134.8
Human_MHC_DNA	iteration_396	35.7	364	230	2	1	1086	1	362	5.9e-33	134.0
Human_MHC_DNA	iteration_452	36.2	356	195	8	46	1065	16	355	2.2e-32	132.1
Human_MHC_DNA	iteration_408	35.1	350	225	2	40	1086	14	362	8.5e-32	130.2
Human_MHC_DNA	iteration_478	33.0	336	218	3	40	1041	17	347	4.7e-30	124.4
Human_MHC_DNA	iteration_470	32.5	360	237	2	1	1071	1	357	4.7e-30	124.4
Human_MHC_DNA	iteration_453	33.2	361	239	2	4	1083	2	361	6.1e-30	124.0
Human_MHC_DNA	iteration_481	34.1	334	220	0	76	1077	26	359	6.1e-30	124.0
Human_MHC_DNA	iteration_401	34.7	349	227	1	22	1068	8	355	6.1e-30	124.0
Human_MHC_DNA	iteration_499	31.6	367	241	7	1	1086	1	362	1e-29	123.2
Human_MHC_DNA	iteration_503	33.6	333	217	3	79	1071	27	357	1.5e-28	119.4
Human_MHC_DNA	iteration_493	33.5	346	219	4	37	1065	13	350	1.7e-27	115.9
Human_MHC_DNA	iteration_525	29.9	371	233	8	13	1080	2	360	3.5e-25	108.2
Human_MHC_DNA	iteration_461	31.7	366	240	5	1	1083	1	361	3.5e-25	108.2
Human_MHC_DNA	iteration_447	31.8	374	227	7	4	1083	2	361	4.5e-25	107.8
Human_MHC_DNA	iteration_489	30.6	330	223	5	82	1062	28	354	1.3e-24	106.3
Human_MHC_DNA	iteration_462	29.5	359	241	4	7	1065	3	355	2.9e-24	105.1
Human_MHC_DNA	iteration_467	32.5	357	233	4	16	1074	6	358	3.8e-24	104.8
Human_MHC_DNA	iteration_457	33.4	332	217	2	16	1005	6	335	1.1e-23	103.2
Human_MHC_DNA	iteration_502	29.1	361	247	4	4	1071	1	357	1.2e-22	99.8
Human_MHC_DNA	iteration_491	31.8	333	225	2	52	1047	18	349	2.1e-22	99.0
Human_MHC_DNA	iteration_517	30.4	349	211	6	67	1068	23	354	6.1e-22	97.4
Human_MHC_DNA	iteration_458	32.9	371	225	10	10	1086	4	362	1e-21	96.7
Human_MHC_DNA	iteration_577	31.6	304	196	5	19	912	7	304	1e-21	96.7
Human_MHC_DNA	iteration_550	30.2	325	185	10	10	921	4	307	1.4e-21	96.3
Human_MHC_DNA	iteration_528	31.8	346	230	4	10	1038	4	346	3.9e-21	94.7
Human_MHC_DNA	iteration_483	31.9	354	231	5	37	1083	13	361	5.7e-20	90.9
Human_MHC_DNA	iteration_468	30.6	359	235	7	28	1083	10	361	1.3e-19	89.7
Human_MHC_DNA	iteration_477	33.3	279	184	2	4	837	2	279	1.3e-19	89.7
Human_MHC_DNA	iteration_472	31.5	337	217	5	94	1083	32	361	1.3e-19	89.7
Human_MHC_DNA	iteration_498	32.8	244	152	3	7	720	3	240	1.3e-19	89.7
Human_MHC_DNA	iteration_476	31.7	360	244	2	4	1080	2	360	2.8e-19	88.6
Human_MHC_DNA	iteration_438	29.5	359	237	6	10	1062	4	354	4.1e-18	84.7
Human_MHC_DNA	iteration_501	28.3	343	240	3	31	1050	11	350	4.1e-18	84.7
Human_MHC_DNA	iteration_523	28.7	363	257	2	1	1086	1	362	7e-18	84.0
Human_MHC_DNA	iteration_450	29.5	346	216	6	76	1071	26	357	3.5e-17	81.6
Human_MHC_DNA	iteration_482	29.1	364	250	4	1	1080	1	360	4.5e-17	81.3
Human_MHC_DNA	iteration_602	27.9	358	252	5	10	1074	4	358	7.7e-17	80.5
Human_MHC_DNA	iteration_487	29.6	331	229	3	67	1050	23	352	1e-16	80.1
Human_MHC_DNA	iteration_513	30.4	316	206	7	157	1083	53	361	5e-16	77.8
Human_MHC_DNA	iteration_535	32.2	214	143	1	46	681	14	227	5e-16	77.8
Human_MHC_DNA	iteration_554	30.1	236	163	2	1	705	1	235	1.1e-15	76.6
Human_MHC_DNA	iteration_561	29.8	292	189	7	220	1077	78	359	3.6e-14	71.6
Human_MHC_DNA	iteration_606	28.2	298	192	5	7	867	3	289	2.6e-12	65.5
Human_MHC_DNA	iteration_490	28.2	309	208	4	181	1086	61	362	5.7e-12	64.3
Human_MHC_DNA	iteration_569	29.8	188	132	0	511	1074	171	358	2.8e-11	62.0
Human_MHC_DNA	iteration_609	27.3	293	179	11	40	867	14	289	2.9e-08	52.0
Human_MHC_DNA	iteration_588	24.5	277	184	6	223	1005	71	338	5e-08	51.2
Human_MHC_DNA	iteration_647	31.9	207	131	9	301	909	103	303	5e-08	51.2
Human_MHC_DNA	iteration_711	26.7	146	92	3	466	897	167	299	0.00034	38.5
