Human_MHC_DNA	iteration_1	91.92	334	27	0	1	1002	1	334	6e-185	639.0
Human_MHC_DNA	iteration_3	91.62	334	28	0	1	1002	1	334	2e-184	637.1
Human_MHC_DNA	iteration_2	91.62	334	28	0	1	1002	1	334	3e-184	636.7
Human_MHC_DNA	iteration_5	91.02	334	30	0	1	1002	1	334	2e-183	634.0
Human_MHC_DNA	iteration_4	91.02	334	30	0	1	1002	1	334	2e-182	630.6
Human_MHC_DNA	iteration_7	90.42	334	32	0	1	1002	1	334	4e-182	629.4
Human_MHC_DNA	iteration_6	90.72	334	31	0	1	1002	1	334	1e-181	627.9
Human_MHC_DNA	iteration_14	89.82	334	34	0	1	1002	1	334	7e-180	622.1
Human_MHC_DNA	iteration_8	90.12	334	33	0	1	1002	1	334	9e-180	621.7
Human_MHC_DNA	iteration_9	89.82	334	34	0	1	1002	1	334	1e-179	621.3
Human_MHC_DNA	iteration_10	89.82	334	34	0	1	1002	1	334	5e-179	619.4
Human_MHC_DNA	iteration_11	89.52	334	35	0	1	1002	1	334	5e-179	619.4
Human_MHC_DNA	iteration_12	96.41	306	11	0	1	918	1	306	8e-179	618.6
Human_MHC_DNA	iteration_13	89.82	334	34	0	1	1002	1	334	2e-178	617.1
Human_MHC_DNA	iteration_15	88.62	334	38	0	1	1002	1	334	3e-177	613.6
Human_MHC_DNA	iteration_17	88.32	334	39	0	1	1002	1	334	6e-176	609.0
Human_MHC_DNA	iteration_16	88.62	334	38	0	1	1002	1	334	1e-175	608.2
Human_MHC_DNA	iteration_21	87.99	333	40	0	4	1002	2	334	2e-174	604.4
Human_MHC_DNA	iteration_20	94.14	307	18	0	1	921	1	307	1e-173	601.3
Human_MHC_DNA	iteration_23	86.83	334	44	0	1	1002	1	334	1e-172	597.8
Human_MHC_DNA	iteration_18	87.72	334	41	0	1	1002	1	334	2e-172	597.4
Human_MHC_DNA	iteration_22	87.13	334	43	0	1	1002	1	334	5e-172	595.9
Human_MHC_DNA	iteration_19	87.13	334	43	0	1	1002	1	334	5e-171	592.8
Human_MHC_DNA	iteration_24	86.49	333	45	0	4	1002	2	334	1e-170	591.7
Human_MHC_DNA	iteration_29	85.93	334	47	0	1	1002	1	334	1e-169	588.2
Human_MHC_DNA	iteration_27	86.23	334	46	0	1	1002	1	334	3e-169	586.6
Human_MHC_DNA	iteration_26	86.53	334	45	0	1	1002	1	334	2e-168	584.3
Human_MHC_DNA	iteration_28	85.33	334	49	0	1	1002	1	334	6e-168	582.4
Human_MHC_DNA	iteration_25	85.93	334	47	0	1	1002	1	334	2e-167	580.9
Human_MHC_DNA	iteration_32	90.88	307	28	0	1	921	1	307	2e-167	580.5
Human_MHC_DNA	iteration_39	84.43	334	52	0	1	1002	1	334	2e-166	577.8
Human_MHC_DNA	iteration_30	85.33	334	49	0	1	1002	1	334	6e-166	575.9
Human_MHC_DNA	iteration_38	90.49	305	29	0	1	915	1	305	2e-165	574.3
Human_MHC_DNA	iteration_31	84.73	334	51	0	1	1002	1	334	4e-165	573.2
Human_MHC_DNA	iteration_35	84.13	334	53	0	1	1002	1	334	5e-165	572.8
Human_MHC_DNA	iteration_40	89.25	307	33	0	1	921	1	307	6e-165	572.4
Human_MHC_DNA	iteration_36	83.53	334	55	0	1	1002	1	334	8e-163	565.5
Human_MHC_DNA	iteration_42	83.23	334	56	0	1	1002	1	334	8e-163	565.5
Human_MHC_DNA	iteration_34	89.87	306	31	0	1	918	1	306	2e-162	564.3
Human_MHC_DNA	iteration_37	82.93	334	57	0	1	1002	1	334	4e-162	563.1
Human_MHC_DNA	iteration_46	82.63	334	58	0	1	1002	1	334	1e-160	558.5
Human_MHC_DNA	iteration_33	83.53	334	55	0	1	1002	1	334	6e-160	555.8
Human_MHC_DNA	iteration_45	88.27	307	36	0	1	921	1	307	6e-160	555.8
Human_MHC_DNA	iteration_50	81.14	334	63	0	1	1002	1	334	2e-159	553.9
Human_MHC_DNA	iteration_49	82.34	334	59	0	1	1002	1	334	7e-159	552.4
Human_MHC_DNA	iteration_44	88.27	307	36	0	1	921	1	307	3e-158	550.1
Human_MHC_DNA	iteration_57	80.54	334	65	0	1	1002	1	334	4e-158	549.7
Human_MHC_DNA	iteration_41	81.74	334	61	0	1	1002	1	334	1e-156	545.0
Human_MHC_DNA	iteration_52	85.29	306	45	0	4	921	2	307	4e-156	543.1
Human_MHC_DNA	iteration_54	80.54	334	65	0	1	1002	1	334	1e-155	541.6
Human_MHC_DNA	iteration_47	81.44	334	62	0	1	1002	1	334	2e-155	540.8
Human_MHC_DNA	iteration_51	86.32	307	42	0	1	921	1	307	3e-155	540.4
Human_MHC_DNA	iteration_56	80.24	334	66	0	1	1002	1	334	3e-155	540.4
Human_MHC_DNA	iteration_43	81.44	334	62	0	1	1002	1	334	5e-155	539.7
Human_MHC_DNA	iteration_53	81.08	333	63	0	4	1002	2	334	1e-154	538.5
Human_MHC_DNA	iteration_60	79.94	334	67	0	1	1002	1	334	2e-154	537.7
Human_MHC_DNA	iteration_58	80.24	334	66	0	1	1002	1	334	3e-154	537.0
Human_MHC_DNA	iteration_55	79.64	334	68	0	1	1002	1	334	7e-154	535.8
Human_MHC_DNA	iteration_59	79.64	334	68	0	1	1002	1	334	1e-153	534.6
Human_MHC_DNA	iteration_63	78.14	334	73	0	1	1002	1	334	3e-150	523.5
Human_MHC_DNA	iteration_48	79.04	334	70	0	1	1002	1	334	6e-149	519.2
Human_MHC_DNA	iteration_61	78.14	334	73	0	1	1002	1	334	1e-148	518.1
Human_MHC_DNA	iteration_65	79.04	334	70	0	1	1002	1	334	2e-148	517.3
Human_MHC_DNA	iteration_67	76.88	333	77	0	4	1002	2	334	7e-148	515.8
Human_MHC_DNA	iteration_74	77.54	334	75	0	1	1002	1	334	4e-147	513.5
Human_MHC_DNA	iteration_62	77.84	334	74	0	1	1002	1	334	1e-146	511.9
Human_MHC_DNA	iteration_72	78.44	334	72	0	1	1002	1	334	3e-146	510.4
Human_MHC_DNA	iteration_73	76.35	334	79	0	1	1002	1	334	7e-146	509.2
Human_MHC_DNA	iteration_70	76.65	334	78	0	1	1002	1	334	1e-145	508.1
Human_MHC_DNA	iteration_66	76.95	334	77	0	1	1002	1	334	1e-143	501.5
Human_MHC_DNA	iteration_68	81.43	307	57	0	1	921	1	307	1e-143	501.5
Human_MHC_DNA	iteration_69	76.95	334	77	0	1	1002	1	334	3e-143	500.4
Human_MHC_DNA	iteration_64	76.81	332	77	0	4	999	2	333	5e-143	499.6
Human_MHC_DNA	iteration_76	75.68	333	81	0	1	999	1	333	1e-142	498.4
Human_MHC_DNA	iteration_75	75.75	334	81	0	1	1002	1	334	2e-140	491.1
Human_MHC_DNA	iteration_80	80.46	307	60	0	1	921	1	307	2e-140	491.1
Human_MHC_DNA	iteration_82	78.50	307	66	0	1	921	1	307	4e-140	490.0
Human_MHC_DNA	iteration_83	75.45	334	82	0	1	1002	1	334	2e-139	488.0
Human_MHC_DNA	iteration_81	75.45	334	82	0	1	1002	1	334	5e-139	486.5
Human_MHC_DNA	iteration_97	73.05	334	90	0	1	1002	1	334	2e-138	484.6
Human_MHC_DNA	iteration_84	73.80	332	87	0	1	996	1	332	3e-138	483.8
Human_MHC_DNA	iteration_77	75.15	334	83	0	1	1002	1	334	5e-138	483.0
Human_MHC_DNA	iteration_71	75.15	334	83	0	1	1002	1	334	3e-137	480.7
Human_MHC_DNA	iteration_86	73.57	333	88	0	1	999	1	333	6e-137	479.6
Human_MHC_DNA	iteration_91	73.65	334	88	0	1	1002	1	334	7e-137	479.2
Human_MHC_DNA	iteration_95	72.75	334	91	0	1	1002	1	334	3e-136	477.2
Human_MHC_DNA	iteration_79	74.25	334	86	0	1	1002	1	334	4e-136	476.9
Human_MHC_DNA	iteration_78	74.55	334	85	0	1	1002	1	334	5e-136	476.5
Human_MHC_DNA	iteration_87	73.05	334	90	0	1	1002	1	334	4e-135	473.4
Human_MHC_DNA	iteration_99	78.03	305	67	0	1	915	1	305	7e-135	472.6
Human_MHC_DNA	iteration_92	72.46	334	92	0	1	1002	1	334	2e-134	471.1
Human_MHC_DNA	iteration_96	77.52	307	69	0	1	921	1	307	3e-134	470.7
Human_MHC_DNA	iteration_85	73.35	334	89	0	1	1002	1	334	3e-134	470.3
Human_MHC_DNA	iteration_98	77.20	307	70	0	1	921	1	307	6e-134	469.5
Human_MHC_DNA	iteration_94	73.05	334	90	0	1	1002	1	334	8e-134	469.2
Human_MHC_DNA	iteration_108	71.86	334	94	0	1	1002	1	334	7e-133	466.1
Human_MHC_DNA	iteration_101	72.67	333	91	0	4	1002	2	334	2e-132	464.2
Human_MHC_DNA	iteration_90	77.12	306	70	0	1	918	1	306	3e-132	463.8
Human_MHC_DNA	iteration_89	72.75	334	91	0	1	1002	1	334	7e-132	462.6
Human_MHC_DNA	iteration_93	76.22	307	73	0	1	921	1	307	1e-130	458.8
Human_MHC_DNA	iteration_88	72.07	333	93	0	4	1002	2	334	3e-130	457.2
Human_MHC_DNA	iteration_113	70.57	333	98	0	4	1002	2	334	3e-130	457.2
Human_MHC_DNA	iteration_102	70.66	334	98	0	1	1002	1	334	2e-129	454.9
Human_MHC_DNA	iteration_103	74.92	307	77	0	1	921	1	307	2e-128	451.4
Human_MHC_DNA	iteration_100	70.57	333	98	0	4	1002	2	334	4e-128	450.3
Human_MHC_DNA	iteration_109	74.59	307	78	0	1	921	1	307	1e-127	448.7
Human_MHC_DNA	iteration_128	72.55	306	84	0	1	918	1	306	6e-126	443.0
Human_MHC_DNA	iteration_111	69.67	333	101	0	1	999	1	333	8e-126	442.6
Human_MHC_DNA	iteration_105	74.59	307	78	0	1	921	1	307	1e-125	442.2
Human_MHC_DNA	iteration_118	70.06	334	100	0	1	1002	1	334	1e-123	435.3
Human_MHC_DNA	iteration_117	72.55	306	84	0	4	921	2	307	3e-123	434.1
Human_MHC_DNA	iteration_106	69.46	334	102	0	1	1002	1	334	6e-123	433.0
Human_MHC_DNA	iteration_115	73.20	306	82	0	1	918	1	306	2e-122	431.0
Human_MHC_DNA	iteration_120	67.87	333	107	0	4	1002	2	334	7e-122	429.5
Human_MHC_DNA	iteration_126	67.57	333	108	0	1	999	1	333	7e-122	429.5
Human_MHC_DNA	iteration_110	67.66	334	108	0	1	1002	1	334	4e-121	426.8
Human_MHC_DNA	iteration_121	73.20	306	82	0	1	918	1	306	2e-120	424.9
Human_MHC_DNA	iteration_107	66.97	333	110	0	4	1002	2	334	3e-120	424.1
Human_MHC_DNA	iteration_104	72.64	307	84	0	1	921	1	307	5e-120	423.3
Human_MHC_DNA	iteration_123	71.57	306	87	0	1	918	1	306	1e-119	421.8
Human_MHC_DNA	iteration_139	72.95	292	79	0	46	921	16	307	7e-119	419.5
Human_MHC_DNA	iteration_127	66.37	333	112	0	1	999	1	333	9e-119	419.1
Human_MHC_DNA	iteration_119	67.47	332	108	0	4	999	2	333	3e-118	417.5
Human_MHC_DNA	iteration_124	66.77	334	111	0	1	1002	1	334	5e-118	416.8
Human_MHC_DNA	iteration_112	72.79	305	83	0	4	918	2	306	8e-118	416.0
Human_MHC_DNA	iteration_133	66.16	331	112	0	10	1002	4	334	1e-117	415.6
Human_MHC_DNA	iteration_134	69.06	307	95	0	1	921	1	307	2e-115	407.9
Human_MHC_DNA	iteration_136	68.98	303	94	0	13	921	5	307	6e-115	406.4
Human_MHC_DNA	iteration_122	66.47	334	112	0	1	1002	1	334	1e-114	405.2
Human_MHC_DNA	iteration_130	65.77	333	114	0	1	999	1	333	2e-114	404.4
Human_MHC_DNA	iteration_131	65.57	334	115	0	1	1002	1	334	3e-114	404.1
Human_MHC_DNA	iteration_146	68.85	305	95	0	7	921	3	307	9e-114	402.5
Human_MHC_DNA	iteration_125	65.26	331	115	0	10	1002	4	334	4e-113	400.2
Human_MHC_DNA	iteration_129	68.08	307	98	0	1	921	1	307	2e-112	398.3
Human_MHC_DNA	iteration_162	69.61	306	93	0	1	918	1	306	2e-112	398.3
Human_MHC_DNA	iteration_114	66.77	334	111	0	1	1002	1	334	5e-112	396.7
Human_MHC_DNA	iteration_135	68.63	306	96	0	4	921	2	307	5e-112	396.7
Human_MHC_DNA	iteration_149	63.96	333	120	0	1	999	1	333	6e-112	396.4
Human_MHC_DNA	iteration_116	65.57	334	115	0	1	1002	1	334	1e-111	395.6
Human_MHC_DNA	iteration_138	65.27	334	116	0	1	1002	1	334	1e-111	395.6
Human_MHC_DNA	iteration_148	64.65	331	117	0	10	1002	4	334	1e-111	395.6
Human_MHC_DNA	iteration_140	64.07	334	120	0	1	1002	1	334	1e-110	392.1
Human_MHC_DNA	iteration_142	63.06	333	123	0	4	1002	2	334	3e-110	390.6
Human_MHC_DNA	iteration_152	67.10	307	101	0	1	921	1	307	3e-110	390.6
Human_MHC_DNA	iteration_137	69.38	307	94	0	1	921	1	307	8e-110	389.4
Human_MHC_DNA	iteration_153	68.40	307	97	0	1	921	1	307	1e-109	389.0
Human_MHC_DNA	iteration_132	63.36	333	122	0	1	999	1	333	2e-109	388.3
Human_MHC_DNA	iteration_147	65.31	320	111	0	43	1002	15	334	9e-108	382.5
Human_MHC_DNA	iteration_144	67.66	303	98	0	4	912	2	304	2e-107	381.3
Human_MHC_DNA	iteration_150	66.23	305	103	0	4	918	2	306	2e-107	381.3
Human_MHC_DNA	iteration_159	65.03	306	107	0	4	921	2	307	8e-107	379.4
Human_MHC_DNA	iteration_171	64.82	307	108	0	1	921	1	307	1e-106	379.0
Human_MHC_DNA	iteration_141	63.36	333	122	0	4	1002	2	334	2e-106	378.3
Human_MHC_DNA	iteration_163	65.47	307	106	0	1	921	1	307	9e-106	375.9
Human_MHC_DNA	iteration_168	65.69	306	105	0	1	918	1	306	4e-105	373.6
Human_MHC_DNA	iteration_143	63.75	331	120	0	7	999	3	333	2e-104	371.3
Human_MHC_DNA	iteration_151	62.16	333	126	0	4	1002	2	334	5e-104	370.2
Human_MHC_DNA	iteration_145	61.98	334	127	0	1	1002	1	334	6e-104	369.8
Human_MHC_DNA	iteration_155	61.52	330	127	0	13	1002	5	334	2e-103	368.2
Human_MHC_DNA	iteration_154	65.80	307	105	0	1	921	1	307	3e-103	367.5
Human_MHC_DNA	iteration_157	61.45	332	128	0	7	1002	3	334	7e-103	366.3
Human_MHC_DNA	iteration_174	58.98	334	137	0	1	1002	1	334	1e-102	365.5
Human_MHC_DNA	iteration_188	64.63	294	104	0	40	921	14	307	1e-102	365.5
Human_MHC_DNA	iteration_177	64.92	305	107	0	4	918	2	306	2e-102	364.8
Human_MHC_DNA	iteration_169	64.05	306	110	0	4	921	2	307	3e-102	364.4
Human_MHC_DNA	iteration_156	66.23	302	102	0	16	921	6	307	6e-102	363.2
Human_MHC_DNA	iteration_173	63.82	304	110	0	10	921	4	307	1e-101	362.1
Human_MHC_DNA	iteration_178	60.18	334	133	0	1	1002	1	334	2e-101	361.7
Human_MHC_DNA	iteration_160	64.50	307	109	0	1	921	1	307	4e-101	360.5
Human_MHC_DNA	iteration_167	64.53	296	105	0	1	888	1	296	3e-100	357.8
Human_MHC_DNA	iteration_158	63.19	307	113	0	1	921	1	307	3e-100	357.5
Human_MHC_DNA	iteration_180	63.40	306	112	0	4	921	2	307	1e-99	355.9
Human_MHC_DNA	iteration_179	64.50	307	109	0	1	921	1	307	1e-99	355.5
Human_MHC_DNA	iteration_161	64.47	304	108	0	7	918	3	306	2e-99	355.1
Human_MHC_DNA	iteration_172	58.98	334	137	0	1	1002	1	334	2e-98	351.3
Human_MHC_DNA	iteration_204	62.75	306	114	0	1	918	1	306	5e-98	350.1
Human_MHC_DNA	iteration_170	58.86	333	137	0	4	1002	2	334	2e-97	348.6
Human_MHC_DNA	iteration_194	63.19	307	113	0	1	921	1	307	3e-97	347.8
Human_MHC_DNA	iteration_164	60.18	334	133	0	1	1002	1	334	6e-97	346.7
Human_MHC_DNA	iteration_176	59.16	333	136	0	4	1002	2	334	2e-96	344.7
Human_MHC_DNA	iteration_175	61.56	307	118	0	1	921	1	307	4e-96	344.0
Human_MHC_DNA	iteration_165	63.93	305	110	0	1	915	1	305	6e-96	343.2
Human_MHC_DNA	iteration_183	60.78	306	120	0	4	921	2	307	1e-95	342.4
Human_MHC_DNA	iteration_192	58.63	307	127	0	1	921	1	307	9e-95	339.3
Human_MHC_DNA	iteration_195	60.78	306	120	0	4	921	2	307	2e-94	338.2
Human_MHC_DNA	iteration_166	58.98	334	137	0	1	1002	1	334	3e-94	337.4
Human_MHC_DNA	iteration_181	61.18	304	118	0	10	921	4	307	5e-93	333.6
Human_MHC_DNA	iteration_182	60.98	305	119	0	1	915	1	305	7e-93	333.2
Human_MHC_DNA	iteration_185	60.78	306	120	0	1	918	1	306	3e-92	331.3
Human_MHC_DNA	iteration_209	59.15	306	125	0	4	921	2	307	4e-92	330.5
Human_MHC_DNA	iteration_191	62.38	303	114	0	4	912	2	304	6e-92	330.1
Human_MHC_DNA	iteration_186	62.17	304	115	0	4	915	2	305	5e-91	327.0
Human_MHC_DNA	iteration_207	59.80	306	123	0	4	921	2	307	6e-91	326.6
Human_MHC_DNA	iteration_213	56.16	333	146	0	4	1002	2	334	3e-90	324.3
Human_MHC_DNA	iteration_201	60.20	304	121	0	4	915	2	305	4e-90	323.9
Human_MHC_DNA	iteration_200	59.54	304	123	0	1	912	1	304	2e-89	322.0
Human_MHC_DNA	iteration_197	55.09	334	150	0	1	1002	1	334	2e-89	321.6
Human_MHC_DNA	iteration_184	58.96	307	126	0	1	921	1	307	3e-89	320.9
Human_MHC_DNA	iteration_193	56.59	334	145	0	1	1002	1	334	6e-89	320.1
Human_MHC_DNA	iteration_220	57.98	307	129	0	1	921	1	307	1e-88	319.3
Human_MHC_DNA	iteration_229	55.42	332	148	0	4	999	2	333	5e-88	317.0
Human_MHC_DNA	iteration_230	57.98	307	129	0	1	921	1	307	5e-88	317.0
Human_MHC_DNA	iteration_198	57.19	306	131	0	1	918	1	306	8e-88	316.2
Human_MHC_DNA	iteration_190	55.69	334	148	0	1	1002	1	334	2e-87	314.7
Human_MHC_DNA	iteration_205	58.50	306	127	0	1	918	1	306	2e-87	314.7
Human_MHC_DNA	iteration_189	59.48	306	124	0	1	918	1	306	4e-87	313.9
Human_MHC_DNA	iteration_217	58.17	306	128	0	1	918	1	306	7e-87	313.2
Human_MHC_DNA	iteration_224	57.65	307	130	0	1	921	1	307	1e-86	312.4
Human_MHC_DNA	iteration_228	55.45	330	147	0	10	999	4	333	2e-86	311.6
Human_MHC_DNA	iteration_231	57.57	304	129	0	4	915	2	305	2e-86	311.6
Human_MHC_DNA	iteration_210	55.70	307	136	0	1	921	1	307	6e-86	310.1
Human_MHC_DNA	iteration_187	59.14	301	123	0	1	903	1	301	2e-85	308.5
Human_MHC_DNA	iteration_215	56.86	306	132	0	4	921	2	307	2e-85	308.5
Human_MHC_DNA	iteration_219	54.19	334	153	0	1	1002	1	334	2e-85	308.1
Human_MHC_DNA	iteration_227	54.08	331	152	0	10	1002	4	334	2e-85	308.1
Human_MHC_DNA	iteration_196	53.29	334	156	0	1	1002	1	334	4e-85	307.4
Human_MHC_DNA	iteration_208	54.19	334	153	0	1	1002	1	334	9e-85	306.2
Human_MHC_DNA	iteration_206	54.52	332	151	0	7	1002	3	334	2e-83	302.0
Human_MHC_DNA	iteration_203	57.28	302	129	0	7	912	3	304	8e-83	299.7
Human_MHC_DNA	iteration_202	53.89	321	148	0	40	1002	14	334	2e-82	298.5
Human_MHC_DNA	iteration_268	56.86	306	132	0	4	921	2	307	2e-82	298.1
Human_MHC_DNA	iteration_233	52.55	333	158	0	4	1002	2	334	9e-82	296.2
Human_MHC_DNA	iteration_199	54.22	332	152	0	4	999	2	333	1e-81	295.8
Human_MHC_DNA	iteration_216	56.58	304	132	0	1	912	1	304	2e-81	295.4
Human_MHC_DNA	iteration_240	56.21	306	134	0	4	921	2	307	2e-81	295.0
Human_MHC_DNA	iteration_211	55.56	306	136	0	1	918	1	306	8e-81	293.1
Human_MHC_DNA	iteration_221	50.90	334	164	0	1	1002	1	334	8e-81	293.1
Human_MHC_DNA	iteration_252	54.97	302	136	0	10	915	4	305	3e-80	291.2
Human_MHC_DNA	iteration_218	56.25	304	133	0	10	921	4	307	1e-79	289.3
Human_MHC_DNA	iteration_232	54.75	305	138	0	1	915	1	305	2e-78	285.4
Human_MHC_DNA	iteration_243	54.72	307	139	0	1	921	1	307	5e-78	283.9
Human_MHC_DNA	iteration_239	56.80	294	127	0	40	921	14	307	6e-78	283.5
Human_MHC_DNA	iteration_235	52.29	306	146	0	1	918	1	306	1e-76	279.3
Human_MHC_DNA	iteration_237	54.07	307	141	0	1	921	1	307	3e-76	278.1
Human_MHC_DNA	iteration_214	52.12	307	147	0	1	921	1	307	3e-76	277.7
Human_MHC_DNA	iteration_236	54.28	304	139	0	7	918	3	306	4e-76	277.3
Human_MHC_DNA	iteration_264	53.11	305	143	0	1	915	1	305	4e-76	277.3
Human_MHC_DNA	iteration_225	53.92	306	141	0	1	918	1	306	7e-76	276.6
Human_MHC_DNA	iteration_226	52.46	305	145	0	1	915	1	305	6e-75	273.5
Human_MHC_DNA	iteration_257	50.16	305	152	0	7	921	3	307	2e-74	271.6
Human_MHC_DNA	iteration_212	51.35	333	162	0	4	1002	2	334	4e-74	270.8
Human_MHC_DNA	iteration_234	53.77	305	141	0	1	915	1	305	3e-73	268.1
Human_MHC_DNA	iteration_258	51.31	306	149	0	4	921	2	307	3e-73	267.7
Human_MHC_DNA	iteration_248	52.79	305	144	0	4	918	2	306	8e-73	266.5
Human_MHC_DNA	iteration_253	52.46	305	145	0	4	918	2	306	1e-72	265.8
Human_MHC_DNA	iteration_254	50.83	303	149	0	1	909	1	303	1e-71	262.7
Human_MHC_DNA	iteration_245	54.18	299	137	0	1	897	1	299	3e-71	261.2
Human_MHC_DNA	iteration_247	53.62	304	141	0	10	921	4	307	7e-71	260.0
Human_MHC_DNA	iteration_251	53.45	290	135	0	52	921	18	307	7e-71	260.0
Human_MHC_DNA	iteration_250	50.17	303	151	0	1	909	1	303	1e-70	259.2
Human_MHC_DNA	iteration_241	51.97	304	146	0	4	915	2	305	2e-70	258.5
Human_MHC_DNA	iteration_242	52.46	305	145	0	1	915	1	305	6e-70	256.9
Human_MHC_DNA	iteration_262	50.81	307	151	0	1	921	1	307	8e-70	256.5
Human_MHC_DNA	iteration_249	52.32	302	144	0	16	921	6	307	1e-69	255.8
Human_MHC_DNA	iteration_271	51.80	305	147	0	1	915	1	305	2e-69	255.4
Human_MHC_DNA	iteration_256	49.84	307	154	0	1	921	1	307	2e-69	255.0
Human_MHC_DNA	iteration_273	50.99	304	149	0	7	918	3	306	7e-69	253.4
Human_MHC_DNA	iteration_278	48.86	307	157	0	1	921	1	307	4e-67	247.7
Human_MHC_DNA	iteration_267	48.53	307	158	0	1	921	1	307	5e-67	247.3
Human_MHC_DNA	iteration_246	50.65	306	151	0	1	918	1	306	1e-66	245.7
Human_MHC_DNA	iteration_270	49.35	306	155	0	4	921	2	307	1e-66	245.7
Human_MHC_DNA	iteration_238	46.69	332	177	0	4	999	2	333	4e-66	244.2
Human_MHC_DNA	iteration_290	49.33	300	152	0	4	903	2	301	3e-65	241.5
Human_MHC_DNA	iteration_274	51.31	306	149	0	1	918	1	306	3e-63	234.6
Human_MHC_DNA	iteration_261	49.15	293	149	0	1	879	1	293	1e-62	232.6
Human_MHC_DNA	iteration_306	46.39	319	171	0	40	996	14	332	4e-62	231.1
Human_MHC_DNA	iteration_281	49.51	305	154	0	4	918	2	306	5e-62	230.7
Human_MHC_DNA	iteration_282	47.19	303	160	0	10	918	4	306	6e-62	230.3
Human_MHC_DNA	iteration_292	45.90	305	165	0	4	918	2	306	1e-61	229.2
Human_MHC_DNA	iteration_272	48.51	303	156	0	4	912	2	304	2e-60	225.3
Human_MHC_DNA	iteration_308	47.21	305	161	0	1	915	1	305	2e-58	218.4
Human_MHC_DNA	iteration_330	44.30	307	171	0	1	921	1	307	4e-56	211.1
Human_MHC_DNA	iteration_309	46.90	290	154	0	49	918	17	306	1e-55	209.1
Human_MHC_DNA	iteration_284	44.77	306	169	0	1	918	1	306	2e-55	208.8
Human_MHC_DNA	iteration_312	45.73	293	155	4	49	921	17	307	2e-55	208.8
Human_MHC_DNA	iteration_301	45.93	307	162	2	1	915	1	305	1e-52	199.1
Human_MHC_DNA	iteration_384	42.16	306	177	0	1	918	1	306	1e-51	196.1
Human_MHC_DNA	iteration_279	45.10	306	168	0	1	918	1	306	2e-51	195.3
Human_MHC_DNA	iteration_327	43.97	307	172	0	1	921	1	307	6e-51	193.7
Human_MHC_DNA	iteration_318	42.57	303	174	0	10	918	4	306	1e-50	192.6
Human_MHC_DNA	iteration_325	42.81	306	175	0	1	918	1	306	9e-50	189.9
Human_MHC_DNA	iteration_354	40.26	303	181	0	4	912	2	304	4e-46	177.9
Human_MHC_DNA	iteration_361	43.64	291	158	2	58	921	20	307	9e-45	173.3
Human_MHC_DNA	iteration_333	41.38	290	170	0	43	912	15	304	1e-43	169.9
Human_MHC_DNA	iteration_378	39.16	286	174	0	40	897	14	299	9e-42	163.3
Human_MHC_DNA	iteration_411	38.79	281	172	0	46	888	16	296	1e-40	159.8
Human_MHC_DNA	iteration_437	37.79	307	189	2	4	921	2	307	2e-40	159.1
Human_MHC_DNA	iteration_435	36.27	306	193	2	1	915	1	305	6e-35	140.6
Human_MHC_DNA	iteration_414	36.13	310	184	6	10	918	4	306	1e-34	139.4
Human_MHC_DNA	iteration_405	34.13	334	220	0	1	1002	1	334	2e-34	138.7
Human_MHC_DNA	iteration_434	37.14	280	164	2	49	870	17	290	4e-30	124.8
Human_MHC_DNA	iteration_446	33.22	295	197	0	1	885	1	295	6e-25	107.5
