Human_MHC_DNA	iteration_1	99.70	334	1	0	1	1002	1	334	0.0	 626
Human_MHC_DNA	iteration_3	99.40	334	2	0	1	1002	1	334	0.0	 624
Human_MHC_DNA	iteration_2	99.40	334	2	0	1	1002	1	334	0.0	 624
Human_MHC_DNA	iteration_5	98.50	334	5	0	1	1002	1	334	0.0	 619
Human_MHC_DNA	iteration_4	98.80	334	4	0	1	1002	1	334	0.0	 619
Human_MHC_DNA	iteration_6	98.50	334	5	0	1	1002	1	334	0.0	 617
Human_MHC_DNA	iteration_7	98.20	334	6	0	1	1002	1	334	0.0	 614
Human_MHC_DNA	iteration_12	97.31	334	9	0	1	1002	1	334	0.0	 610
Human_MHC_DNA	iteration_9	97.60	334	8	0	1	1002	1	334	0.0	 610
Human_MHC_DNA	iteration_8	97.60	334	8	0	1	1002	1	334	0.0	 609
Human_MHC_DNA	iteration_13	97.31	334	9	0	1	1002	1	334	0.0	 609
Human_MHC_DNA	iteration_10	97.31	334	9	0	1	1002	1	334	0.0	 609
Human_MHC_DNA	iteration_14	97.31	334	9	0	1	1002	1	334	0.0	 607
Human_MHC_DNA	iteration_15	95.81	334	14	0	1	1002	1	334	0.0	 606
Human_MHC_DNA	iteration_11	97.31	334	9	0	1	1002	1	334	0.0	 605
Human_MHC_DNA	iteration_17	95.51	334	15	0	1	1002	1	334	0.0	 596
Human_MHC_DNA	iteration_16	95.81	334	14	0	1	1002	1	334	0.0	 594
Human_MHC_DNA	iteration_23	94.01	334	20	0	1	1002	1	334	0.0	 593
Human_MHC_DNA	iteration_21	94.29	333	19	0	4	1002	2	334	0.0	 591
Human_MHC_DNA	iteration_20	95.77	307	13	0	1	921	1	307	0.0	 590
Human_MHC_DNA	iteration_22	94.61	334	18	0	1	1002	1	334	0.0	 588
Human_MHC_DNA	iteration_24	93.99	333	20	0	4	1002	2	334	0.0	 586
Human_MHC_DNA	iteration_29	92.51	334	25	0	1	1002	1	334	0.0	 582
Human_MHC_DNA	iteration_19	94.91	334	17	0	1	1002	1	334	0.0	 581
Human_MHC_DNA	iteration_26	93.41	334	22	0	1	1002	1	334	0.0	 580
Human_MHC_DNA	iteration_27	93.11	334	23	0	1	1002	1	334	0.0	 578
Human_MHC_DNA	iteration_18	94.91	334	17	0	1	1002	1	334	0.0	 576
Human_MHC_DNA	iteration_32	91.62	334	28	0	1	1002	1	334	0.0	 574
Human_MHC_DNA	iteration_25	93.11	334	23	0	1	1002	1	334	0.0	 573
Human_MHC_DNA	iteration_28	92.51	307	23	0	1	921	1	307	0.0	 572
Human_MHC_DNA	iteration_39	91.32	334	29	0	1	1002	1	334	0.0	 572
Human_MHC_DNA	iteration_30	92.22	334	26	0	1	1002	1	334	0.0	 569
Human_MHC_DNA	iteration_31	92.22	334	26	0	1	1002	1	334	0.0	 569
Human_MHC_DNA	iteration_40	90.55	307	29	0	1	921	1	307	0.0	 563
Human_MHC_DNA	iteration_38	92.13	305	24	0	1	915	1	305	0.0	 563
Human_MHC_DNA	iteration_35	91.92	334	27	0	1	1002	1	334	0.0	 562
Human_MHC_DNA	iteration_42	89.82	334	34	0	1	1002	1	334	0.0	 561
Human_MHC_DNA	iteration_36	90.72	334	31	0	1	1002	1	334	0.0	 556
Human_MHC_DNA	iteration_34	91.18	306	27	0	1	918	1	306	0.0	 556
Human_MHC_DNA	iteration_33	90.72	334	31	0	1	1002	1	334	0.0	 554
Human_MHC_DNA	iteration_37	90.12	334	33	0	1	1002	1	334	0.0	 553
Human_MHC_DNA	iteration_45	89.58	307	32	0	1	921	1	307	0.0	 551
Human_MHC_DNA	iteration_46	89.22	334	36	0	1	1002	1	334	0.0	 550
Human_MHC_DNA	iteration_50	88.02	334	40	0	1	1002	1	334	0.0	 546
Human_MHC_DNA	iteration_44	89.90	307	31	0	1	921	1	307	0.0	 545
Human_MHC_DNA	iteration_47	87.72	334	41	0	1	1002	1	334	0.0	 540
Human_MHC_DNA	iteration_57	87.43	334	42	0	1	1002	1	334	0.0	 538
Human_MHC_DNA	iteration_41	88.93	307	34	0	1	921	1	307	0.0	 538
Human_MHC_DNA	iteration_51	87.13	334	43	0	1	1002	1	334	0.0	 536
Human_MHC_DNA	iteration_58	86.53	334	45	0	1	1002	1	334	0.0	 534
Human_MHC_DNA	iteration_53	87.69	333	41	0	4	1002	2	334	0.0	 534
Human_MHC_DNA	iteration_52	86.93	306	40	0	4	921	2	307	0.0	 534
Human_MHC_DNA	iteration_59	85.63	334	48	0	1	1002	1	334	0.0	 533
Human_MHC_DNA	iteration_60	86.23	334	46	0	1	1002	1	334	0.0	 532
Human_MHC_DNA	iteration_43	88.60	307	35	0	1	921	1	307	0.0	 528
Human_MHC_DNA	iteration_54	87.13	334	43	0	1	1002	1	334	0.0	 527
Human_MHC_DNA	iteration_55	86.83	334	44	0	1	1002	1	334	0.0	 527
Human_MHC_DNA	iteration_56	87.72	334	41	0	1	1002	1	334	0.0	 524
Human_MHC_DNA	iteration_49	88.62	334	38	0	1	1002	1	334	0.0	 523
Human_MHC_DNA	iteration_65	84.43	334	52	0	1	1002	1	334	0.0	 514
Human_MHC_DNA	iteration_48	85.93	334	47	0	1	1002	1	334	0.0	 510
Human_MHC_DNA	iteration_63	85.02	307	46	0	1	921	1	307	0.0	 510
Human_MHC_DNA	iteration_62	84.64	332	51	0	1	996	1	332	0.0	 508
Human_MHC_DNA	iteration_67	83.48	333	55	0	4	1002	2	334	0.0	 508
Human_MHC_DNA	iteration_61	85.33	334	49	0	1	1002	1	334	0.0	 508
Human_MHC_DNA	iteration_74	83.83	334	54	0	1	1002	1	334	0.0	 507
Human_MHC_DNA	iteration_72	84.13	334	53	0	1	1002	1	334	3e-180	 504
Human_MHC_DNA	iteration_70	83.23	334	56	0	1	1002	1	334	6e-180	 504
Human_MHC_DNA	iteration_73	82.93	334	57	0	1	1002	1	334	3e-179	 502
Human_MHC_DNA	iteration_69	82.93	334	57	0	1	1002	1	334	5e-178	 499
Human_MHC_DNA	iteration_66	83.23	334	56	0	1	1002	1	334	3e-177	 497
Human_MHC_DNA	iteration_76	82.28	333	59	0	1	999	1	333	8e-176	 493
Human_MHC_DNA	iteration_64	84.04	332	53	0	4	999	2	333	1e-174	 490
Human_MHC_DNA	iteration_80	81.76	307	56	0	1	921	1	307	2e-172	 485
Human_MHC_DNA	iteration_75	82.04	334	60	0	1	1002	1	334	3e-172	 484
Human_MHC_DNA	iteration_82	78.68	333	71	0	1	999	1	333	5e-172	 484
Human_MHC_DNA	iteration_83	80.84	334	64	0	1	1002	1	334	5e-171	 481
Human_MHC_DNA	iteration_71	81.74	334	61	0	1	1002	1	334	8e-171	 481
Human_MHC_DNA	iteration_81	81.44	334	62	0	1	1002	1	334	6e-170	 478
Human_MHC_DNA	iteration_78	80.54	334	65	0	1	1002	1	334	6e-170	 478
Human_MHC_DNA	iteration_84	79.52	332	68	0	1	996	1	332	1e-169	 478
Human_MHC_DNA	iteration_77	81.44	334	62	0	1	1002	1	334	1e-169	 478
Human_MHC_DNA	iteration_91	79.34	334	69	0	1	1002	1	334	3e-169	 476
Human_MHC_DNA	iteration_95	78.74	334	71	0	1	1002	1	334	6e-168	 473
Human_MHC_DNA	iteration_97	79.15	307	64	0	1	921	1	307	1e-167	 473
Human_MHC_DNA	iteration_79	80.54	334	65	0	1	1002	1	334	2e-167	 472
Human_MHC_DNA	iteration_68	82.41	307	54	0	1	921	1	307	2e-167	 472
Human_MHC_DNA	iteration_86	78.98	333	70	0	1	999	1	333	7e-167	 471
Human_MHC_DNA	iteration_99	79.34	305	63	0	1	915	1	305	2e-166	 469
Human_MHC_DNA	iteration_108	76.35	334	79	0	1	1002	1	334	4e-165	 466
Human_MHC_DNA	iteration_85	79.94	334	67	0	1	1002	1	334	6e-165	 466
Human_MHC_DNA	iteration_101	78.08	333	73	0	4	1002	2	334	7e-165	 465
Human_MHC_DNA	iteration_87	79.64	334	68	0	1	1002	1	334	9e-165	 465
Human_MHC_DNA	iteration_98	78.18	307	67	0	1	921	1	307	1e-164	 465
Human_MHC_DNA	iteration_92	78.44	334	72	0	1	1002	1	334	2e-162	 459
Human_MHC_DNA	iteration_94	79.15	307	64	0	1	921	1	307	1e-161	 457
Human_MHC_DNA	iteration_89	78.74	334	71	0	1	1002	1	334	2e-161	 457
Human_MHC_DNA	iteration_90	78.76	306	65	0	1	918	1	306	2e-161	 457
Human_MHC_DNA	iteration_88	78.68	333	71	0	4	1002	2	334	3e-161	 456
Human_MHC_DNA	iteration_93	77.20	307	70	0	1	921	1	307	4e-160	 453
Human_MHC_DNA	iteration_113	76.28	333	79	0	4	1002	2	334	6e-158	 448
Human_MHC_DNA	iteration_100	75.98	333	80	0	4	1002	2	334	9e-158	 447
Human_MHC_DNA	iteration_102	76.95	334	77	0	1	1002	1	334	1e-157	 447
Human_MHC_DNA	iteration_109	76.05	334	80	0	1	1002	1	334	2e-156	 444
Human_MHC_DNA	iteration_96	78.50	307	66	0	1	921	1	307	1e-155	 442
Human_MHC_DNA	iteration_103	76.22	307	73	0	1	921	1	307	5e-154	 438
Human_MHC_DNA	iteration_111	75.08	333	83	0	1	999	1	333	5e-154	 438
Human_MHC_DNA	iteration_128	73.53	306	81	0	1	918	1	306	1e-153	 437
Human_MHC_DNA	iteration_118	75.15	334	83	0	1	1002	1	334	1e-152	 434
Human_MHC_DNA	iteration_106	75.45	334	82	0	1	1002	1	334	2e-151	 431
Human_MHC_DNA	iteration_105	76.22	307	73	0	1	921	1	307	5e-151	 430
Human_MHC_DNA	iteration_115	74.85	334	84	0	1	1002	1	334	6e-151	 430
Human_MHC_DNA	iteration_120	72.97	333	90	0	4	1002	2	334	2e-150	 429
Human_MHC_DNA	iteration_117	73.86	306	80	0	4	921	2	307	7e-150	 427
Human_MHC_DNA	iteration_104	74.25	334	86	0	1	1002	1	334	6e-149	 425
Human_MHC_DNA	iteration_121	73.95	334	87	0	1	1002	1	334	3e-148	 423
Human_MHC_DNA	iteration_126	74.17	333	86	0	1	999	1	333	1e-147	 422
Human_MHC_DNA	iteration_107	74.17	333	86	0	4	1002	2	334	3e-146	 418
Human_MHC_DNA	iteration_112	74.77	333	84	0	4	1002	2	334	7e-145	 415
Human_MHC_DNA	iteration_110	72.96	307	83	0	1	921	1	307	5e-144	 412
Human_MHC_DNA	iteration_139	72.95	292	79	0	46	921	16	307	8e-144	 412
Human_MHC_DNA	iteration_124	73.05	334	90	0	1	1002	1	334	1e-143	 412
Human_MHC_DNA	iteration_127	71.77	333	94	0	1	999	1	333	1e-143	 412
Human_MHC_DNA	iteration_133	71.56	334	95	0	1	1002	1	334	6e-143	 409
Human_MHC_DNA	iteration_119	71.99	332	93	0	4	999	2	333	1e-141	 406
Human_MHC_DNA	iteration_130	71.77	333	94	0	1	999	1	333	2e-141	 406
Human_MHC_DNA	iteration_123	73.05	334	90	0	1	1002	1	334	3e-141	 405
Human_MHC_DNA	iteration_131	70.36	334	99	0	1	1002	1	334	1e-139	 401
Human_MHC_DNA	iteration_134	70.36	334	99	0	1	1002	1	334	1e-139	 401
Human_MHC_DNA	iteration_122	72.75	334	91	0	1	1002	1	334	2e-139	 400
Human_MHC_DNA	iteration_136	69.91	329	99	0	13	999	5	333	4e-138	 397
Human_MHC_DNA	iteration_138	70.06	334	100	0	1	1002	1	334	1e-137	 396
Human_MHC_DNA	iteration_149	68.47	333	105	0	1	999	1	333	1e-137	 396
Human_MHC_DNA	iteration_146	70.78	332	97	0	7	1002	3	334	5e-137	 394
Human_MHC_DNA	iteration_125	70.09	331	99	0	10	1002	4	334	3e-136	 393
Human_MHC_DNA	iteration_114	73.65	334	88	0	1	1002	1	334	3e-136	 392
Human_MHC_DNA	iteration_162	70.59	306	90	0	1	918	1	306	7e-136	 392
Human_MHC_DNA	iteration_135	69.93	306	92	0	4	921	2	307	1e-135	 391
Human_MHC_DNA	iteration_129	70.36	334	99	0	1	1002	1	334	2e-135	 390
Human_MHC_DNA	iteration_147	69.06	320	99	0	43	1002	15	334	3e-135	 390
Human_MHC_DNA	iteration_148	68.88	331	103	0	10	1002	4	334	3e-134	 387
Human_MHC_DNA	iteration_132	69.07	333	103	0	1	999	1	333	3e-134	 387
Human_MHC_DNA	iteration_140	70.06	334	100	0	1	1002	1	334	3e-134	 387
Human_MHC_DNA	iteration_116	72.75	334	91	0	1	1002	1	334	7e-134	 387
Human_MHC_DNA	iteration_153	69.71	307	93	0	1	921	1	307	9e-134	 386
Human_MHC_DNA	iteration_142	67.87	333	107	0	4	1002	2	334	2e-132	 383
Human_MHC_DNA	iteration_150	66.37	333	112	0	4	1002	2	334	3e-132	 382
Human_MHC_DNA	iteration_152	68.40	307	97	0	1	921	1	307	5e-132	 382
Human_MHC_DNA	iteration_144	68.37	332	105	0	4	999	2	333	4e-131	 380
Human_MHC_DNA	iteration_137	70.06	334	100	0	1	1002	1	334	5e-131	 379
Human_MHC_DNA	iteration_159	66.67	333	111	0	4	1002	2	334	6e-131	 379
Human_MHC_DNA	iteration_163	67.87	333	107	0	1	999	1	333	8e-129	 374
Human_MHC_DNA	iteration_171	64.67	334	118	0	1	1002	1	334	1e-128	 373
Human_MHC_DNA	iteration_143	69.49	331	101	0	7	999	3	333	3e-127	 370
Human_MHC_DNA	iteration_151	66.67	333	111	0	4	1002	2	334	4e-127	 369
Human_MHC_DNA	iteration_141	69.07	333	103	0	4	1002	2	334	2e-126	 367
Human_MHC_DNA	iteration_168	66.67	306	102	0	1	918	1	306	6e-125	 364
Human_MHC_DNA	iteration_145	68.56	334	105	0	1	1002	1	334	3e-124	 362
Human_MHC_DNA	iteration_155	66.97	330	109	0	13	1002	5	334	3e-124	 362
Human_MHC_DNA	iteration_157	66.57	332	111	0	7	1002	3	334	6e-124	 361
Human_MHC_DNA	iteration_177	65.25	305	106	0	4	918	2	306	1e-123	 360
Human_MHC_DNA	iteration_178	66.77	334	111	0	1	1002	1	334	3e-123	 359
Human_MHC_DNA	iteration_154	66.45	307	103	0	1	921	1	307	9e-123	 358
Human_MHC_DNA	iteration_169	65.36	306	106	0	4	921	2	307	4e-122	 356
Human_MHC_DNA	iteration_188	64.63	294	104	0	40	921	14	307	5e-122	 356
Human_MHC_DNA	iteration_161	65.66	332	114	0	7	1002	3	334	2e-121	 355
Human_MHC_DNA	iteration_174	63.47	334	122	0	1	1002	1	334	3e-121	 354
Human_MHC_DNA	iteration_173	65.15	307	107	0	1	921	1	307	7e-121	 353
Human_MHC_DNA	iteration_156	66.89	302	100	0	16	921	6	307	1e-120	 353
Human_MHC_DNA	iteration_160	65.15	307	107	0	1	921	1	307	1e-120	 353
Human_MHC_DNA	iteration_180	65.03	306	107	0	4	921	2	307	3e-120	 352
Human_MHC_DNA	iteration_167	63.96	333	120	0	1	999	1	333	5e-120	 351
Human_MHC_DNA	iteration_158	64.37	334	119	0	1	1002	1	334	5e-120	 351
Human_MHC_DNA	iteration_179	64.82	307	108	0	1	921	1	307	8e-120	 351
Human_MHC_DNA	iteration_172	63.47	334	122	0	1	1002	1	334	2e-118	 347
Human_MHC_DNA	iteration_170	63.06	333	123	0	4	1002	2	334	4e-118	 346
Human_MHC_DNA	iteration_204	64.05	306	110	0	1	918	1	306	2e-117	 345
Human_MHC_DNA	iteration_164	65.57	334	115	0	1	1002	1	334	1e-116	 342
Human_MHC_DNA	iteration_176	62.46	333	125	0	4	1002	2	334	2e-116	 342
Human_MHC_DNA	iteration_165	64.38	306	109	0	1	918	1	306	2e-116	 342
Human_MHC_DNA	iteration_194	64.17	307	110	0	1	921	1	307	3e-116	 342
Human_MHC_DNA	iteration_175	62.54	307	115	0	1	921	1	307	7e-115	 338
Human_MHC_DNA	iteration_195	61.75	332	127	0	4	999	2	333	2e-114	 337
Human_MHC_DNA	iteration_183	61.11	306	119	0	4	921	2	307	4e-114	 336
Human_MHC_DNA	iteration_181	61.84	304	116	0	10	921	4	307	8e-113	 333
Human_MHC_DNA	iteration_166	64.97	334	117	0	1	1002	1	334	9e-112	 330
Human_MHC_DNA	iteration_192	59.61	307	124	0	1	921	1	307	3e-111	 329
Human_MHC_DNA	iteration_185	61.76	306	117	0	1	918	1	306	4e-111	 328
Human_MHC_DNA	iteration_182	62.30	305	115	0	1	915	1	305	5e-110	 326
Human_MHC_DNA	iteration_209	59.80	306	123	0	4	921	2	307	6e-110	 325
Human_MHC_DNA	iteration_191	63.49	304	111	0	4	915	2	305	1e-109	 324
Human_MHC_DNA	iteration_193	61.68	334	128	0	1	1002	1	334	5e-109	 323
Human_MHC_DNA	iteration_207	60.06	333	133	0	4	1002	2	334	3e-108	 321
Human_MHC_DNA	iteration_230	58.63	307	127	0	1	921	1	307	4e-108	 321
Human_MHC_DNA	iteration_186	63.28	305	112	0	1	915	1	305	7e-108	 320
Human_MHC_DNA	iteration_213	59.16	333	136	0	4	1002	2	334	1e-107	 319
Human_MHC_DNA	iteration_201	61.51	304	117	0	4	915	2	305	5e-107	 318
Human_MHC_DNA	iteration_220	58.96	307	126	0	1	921	1	307	1e-106	 317
Human_MHC_DNA	iteration_189	59.80	306	123	0	1	918	1	306	2e-106	 317
Human_MHC_DNA	iteration_200	61.18	304	118	0	1	912	1	304	6e-106	 315
Human_MHC_DNA	iteration_198	57.84	306	129	0	1	918	1	306	1e-105	 315
Human_MHC_DNA	iteration_197	59.58	334	135	0	1	1002	1	334	1e-105	 314
Human_MHC_DNA	iteration_184	59.88	334	134	0	1	1002	1	334	1e-104	 312
Human_MHC_DNA	iteration_229	59.34	332	135	0	4	999	2	333	1e-104	 312
Human_MHC_DNA	iteration_224	58.31	307	128	0	1	921	1	307	1e-104	 312
Human_MHC_DNA	iteration_205	59.48	306	124	0	1	918	1	306	1e-104	 311
Human_MHC_DNA	iteration_187	60.47	301	119	0	1	903	1	301	4e-104	 310
Human_MHC_DNA	iteration_210	57.00	307	132	0	1	921	1	307	6e-104	 310
Human_MHC_DNA	iteration_231	58.22	304	127	0	4	915	2	305	1e-102	 306
Human_MHC_DNA	iteration_227	58.01	331	139	0	10	1002	4	334	3e-102	 306
Human_MHC_DNA	iteration_219	59.28	334	136	0	1	1002	1	334	7e-102	 305
Human_MHC_DNA	iteration_228	59.09	330	135	0	10	999	4	333	2e-101	 304
Human_MHC_DNA	iteration_217	58.50	306	127	0	1	918	1	306	6e-101	 302
Human_MHC_DNA	iteration_190	59.58	334	135	0	1	1002	1	334	5e-100	 300
Human_MHC_DNA	iteration_196	58.38	334	139	0	1	1002	1	334	2e-99	 298
Human_MHC_DNA	iteration_206	58.63	307	127	0	1	921	1	307	3e-99	 298
Human_MHC_DNA	iteration_215	57.66	333	141	0	4	1002	2	334	9e-99	 297
Human_MHC_DNA	iteration_268	57.19	306	131	0	4	921	2	307	6e-98	 295
Human_MHC_DNA	iteration_203	58.28	302	126	0	7	912	3	304	1e-97	 294
Human_MHC_DNA	iteration_199	59.04	332	136	0	4	999	2	333	1e-97	 294
Human_MHC_DNA	iteration_202	58.26	321	134	0	40	1002	14	334	1e-97	 293
Human_MHC_DNA	iteration_240	56.86	306	132	0	4	921	2	307	3e-97	 293
Human_MHC_DNA	iteration_221	54.49	334	152	0	1	1002	1	334	2e-96	 291
Human_MHC_DNA	iteration_233	56.46	333	145	0	4	1002	2	334	3e-96	 290
Human_MHC_DNA	iteration_208	58.68	334	138	0	1	1002	1	334	1e-95	 289
Human_MHC_DNA	iteration_216	57.70	305	129	0	1	915	1	305	1e-95	 288
Human_MHC_DNA	iteration_218	57.24	304	130	0	10	921	4	307	4e-95	 287
Human_MHC_DNA	iteration_211	56.54	306	133	0	1	918	1	306	3e-94	 285
Human_MHC_DNA	iteration_243	55.70	307	136	0	1	921	1	307	3e-93	 283
Human_MHC_DNA	iteration_244	55.69	334	148	0	1	1002	1	334	4e-93	 282
Human_MHC_DNA	iteration_252	55.63	302	134	0	10	915	4	305	7e-93	 281
Human_MHC_DNA	iteration_232	55.74	305	135	0	1	915	1	305	8e-93	 281
Human_MHC_DNA	iteration_239	56.03	307	135	0	1	921	1	307	2e-92	 281
Human_MHC_DNA	iteration_214	53.42	307	143	0	1	921	1	307	1e-91	 278
Human_MHC_DNA	iteration_225	54.33	335	149	2	1	999	1	333	3e-91	 277
Human_MHC_DNA	iteration_264	53.89	334	154	0	1	1002	1	334	9e-91	 276
Human_MHC_DNA	iteration_237	55.05	307	138	0	1	921	1	307	1e-90	 276
Human_MHC_DNA	iteration_212	55.86	333	147	0	4	1002	2	334	8e-89	 271
Human_MHC_DNA	iteration_223	56.19	315	138	0	55	999	19	333	2e-88	 270
Human_MHC_DNA	iteration_236	55.23	306	137	0	1	918	1	306	2e-88	 270
Human_MHC_DNA	iteration_235	53.27	306	143	0	1	918	1	306	2e-88	 270
Human_MHC_DNA	iteration_226	53.92	293	135	0	40	918	14	306	3e-87	 267
Human_MHC_DNA	iteration_248	53.11	305	143	0	4	918	2	306	8e-87	 266
Human_MHC_DNA	iteration_245	55.18	299	134	0	1	897	1	299	4e-86	 264
Human_MHC_DNA	iteration_234	53.92	306	141	0	1	918	1	306	6e-86	 264
Human_MHC_DNA	iteration_257	50.82	305	150	0	7	921	3	307	7e-86	 263
Human_MHC_DNA	iteration_242	53.40	309	136	2	1	915	1	305	8e-85	 261
Human_MHC_DNA	iteration_258	52.41	332	158	0	4	999	2	333	1e-84	 260
Human_MHC_DNA	iteration_251	53.45	290	135	0	52	921	18	307	4e-84	 259
Human_MHC_DNA	iteration_250	50.98	306	150	0	1	918	1	306	4e-84	 259
Human_MHC_DNA	iteration_247	53.95	304	140	0	10	921	4	307	6e-84	 258
Human_MHC_DNA	iteration_254	52.15	303	145	0	1	909	1	303	2e-83	 257
Human_MHC_DNA	iteration_249	53.31	302	141	0	16	921	6	307	6e-83	 256
Human_MHC_DNA	iteration_273	51.64	304	147	0	7	918	3	306	2e-82	 254
Human_MHC_DNA	iteration_262	51.79	307	148	0	1	921	1	307	3e-82	 254
Human_MHC_DNA	iteration_241	52.63	304	144	0	4	915	2	305	3e-81	 251
Human_MHC_DNA	iteration_222	54.28	304	139	0	1	912	1	304	6e-81	 251
Human_MHC_DNA	iteration_285	50.98	306	150	0	1	918	1	306	6e-81	 251
Human_MHC_DNA	iteration_271	52.79	305	144	0	1	915	1	305	9e-81	 250
Human_MHC_DNA	iteration_276	48.95	333	170	0	4	1002	2	334	6e-80	 248
Human_MHC_DNA	iteration_305	50.99	304	149	0	10	921	4	307	7e-80	 248
Human_MHC_DNA	iteration_255	51.20	334	163	0	1	1002	1	334	8e-80	 248
Human_MHC_DNA	iteration_253	53.77	305	141	0	4	918	2	306	1e-79	 247
Human_MHC_DNA	iteration_269	51.56	320	155	0	43	1002	15	334	2e-79	 247
Human_MHC_DNA	iteration_256	50.81	307	151	0	1	921	1	307	5e-79	 246
Human_MHC_DNA	iteration_278	49.51	307	155	0	1	921	1	307	5e-79	 246
Human_MHC_DNA	iteration_270	50.33	306	152	0	4	921	2	307	8e-79	 245
Human_MHC_DNA	iteration_289	49.84	307	154	0	1	921	1	307	3e-78	 244
Human_MHC_DNA	iteration_267	48.53	307	158	0	1	921	1	307	5e-78	 243
Human_MHC_DNA	iteration_263	49.84	307	154	0	1	921	1	307	1e-77	 243
Human_MHC_DNA	iteration_259	50.75	333	164	0	4	1002	2	334	2e-77	 241
Human_MHC_DNA	iteration_260	50.98	306	150	0	1	918	1	306	4e-77	 241
Human_MHC_DNA	iteration_246	51.50	334	162	0	1	1002	1	334	4e-77	 241
Human_MHC_DNA	iteration_238	50.60	332	164	0	4	999	2	333	9e-77	 240
Human_MHC_DNA	iteration_265	50.68	292	144	0	1	876	1	292	5e-76	 238
Human_MHC_DNA	iteration_290	50.33	300	149	0	4	903	2	301	8e-76	 238
Human_MHC_DNA	iteration_274	52.29	306	146	0	1	918	1	306	1e-75	 237
Human_MHC_DNA	iteration_277	51.48	305	148	0	7	921	3	307	3e-75	 236
Human_MHC_DNA	iteration_288	48.53	307	158	0	1	921	1	307	8e-74	 232
Human_MHC_DNA	iteration_261	49.49	293	148	0	1	879	1	293	4e-73	 230
Human_MHC_DNA	iteration_292	46.56	305	163	0	4	918	2	306	2e-72	 229
Human_MHC_DNA	iteration_303	49.51	307	153	2	1	918	1	306	2e-72	 229
Human_MHC_DNA	iteration_306	49.70	328	165	0	13	996	5	332	1e-71	 226
Human_MHC_DNA	iteration_282	48.12	293	152	0	40	918	14	306	2e-71	 226
Human_MHC_DNA	iteration_281	49.67	306	152	2	4	918	2	306	5e-71	 225
Human_MHC_DNA	iteration_272	48.84	303	155	0	4	912	2	304	8e-71	 224
Human_MHC_DNA	iteration_266	50.17	293	145	1	16	891	5	297	2e-69	 221
Human_MHC_DNA	iteration_298	48.15	297	154	0	1	891	1	297	8e-68	 216
Human_MHC_DNA	iteration_308	47.87	305	159	0	1	915	1	305	1e-67	 216
Human_MHC_DNA	iteration_291	48.05	308	158	1	4	921	2	309	6e-67	 214
Human_MHC_DNA	iteration_329	46.56	305	163	0	4	918	2	306	9e-67	 214
Human_MHC_DNA	iteration_295	47.85	303	158	0	4	912	2	304	1e-66	 214
Human_MHC_DNA	iteration_307	46.88	288	153	0	43	906	15	302	1e-66	 213
Human_MHC_DNA	iteration_300	46.11	334	180	0	1	1002	1	334	4e-66	 212
Human_MHC_DNA	iteration_309	46.90	290	154	0	49	918	17	306	6e-66	 212
Human_MHC_DNA	iteration_313	46.60	309	159	2	4	921	2	307	1e-65	 211
Human_MHC_DNA	iteration_330	44.95	307	169	0	1	921	1	307	1e-64	 208
Human_MHC_DNA	iteration_322	45.55	292	159	0	43	918	15	306	1e-64	 208
Human_MHC_DNA	iteration_312	45.76	295	152	5	49	921	17	307	2e-64	 208
Human_MHC_DNA	iteration_293	48.79	289	148	0	55	921	19	307	4e-64	 207
Human_MHC_DNA	iteration_284	46.25	333	179	0	1	999	1	333	1e-63	 206
Human_MHC_DNA	iteration_317	45.90	305	165	0	1	915	1	305	2e-63	 205
Human_MHC_DNA	iteration_275	47.21	305	161	0	4	918	2	306	3e-63	 204
Human_MHC_DNA	iteration_296	47.06	306	162	0	1	918	1	306	2e-62	 202
Human_MHC_DNA	iteration_286	48.15	297	154	0	1	891	1	297	2e-61	 200
Human_MHC_DNA	iteration_341	45.67	289	157	0	43	909	15	303	4e-61	 199
Human_MHC_DNA	iteration_320	46.26	294	158	0	1	882	1	294	1e-60	 198
Human_MHC_DNA	iteration_301	47.23	307	158	2	1	915	1	305	1e-60	 198
Human_MHC_DNA	iteration_283	43.32	307	174	0	1	921	1	307	3e-60	 197
Human_MHC_DNA	iteration_358	42.76	304	174	0	10	921	4	307	9e-60	 196
Human_MHC_DNA	iteration_314	45.73	293	156	3	40	912	13	304	1e-59	 195
Human_MHC_DNA	iteration_279	46.08	306	165	0	1	918	1	306	1e-59	 195
Human_MHC_DNA	iteration_324	46.72	274	146	0	82	903	28	301	3e-59	 194
Human_MHC_DNA	iteration_327	44.63	307	170	0	1	921	1	307	3e-59	 194
Human_MHC_DNA	iteration_302	45.72	304	165	0	7	918	3	306	1e-58	 192
Human_MHC_DNA	iteration_311	44.59	305	169	0	7	921	3	307	1e-58	 192
Human_MHC_DNA	iteration_326	45.10	306	168	0	4	921	2	307	4e-58	 191
Human_MHC_DNA	iteration_325	43.46	306	173	0	1	918	1	306	8e-58	 191
Human_MHC_DNA	iteration_280	46.41	306	164	0	1	918	1	306	9e-58	 190
Human_MHC_DNA	iteration_299	45.90	305	165	0	7	921	3	307	9e-58	 190
Human_MHC_DNA	iteration_287	43.97	307	172	0	1	921	1	307	2e-57	 189
Human_MHC_DNA	iteration_331	44.44	306	170	0	4	921	2	307	2e-57	 189
Human_MHC_DNA	iteration_297	44.77	306	169	0	1	918	1	306	2e-57	 189
Human_MHC_DNA	iteration_384	42.81	306	175	0	1	918	1	306	2e-57	 189
Human_MHC_DNA	iteration_352	44.22	303	169	0	1	909	1	303	5e-57	 188
Human_MHC_DNA	iteration_336	43.32	307	174	0	1	921	1	307	5e-57	 188
Human_MHC_DNA	iteration_345	42.86	301	172	0	4	906	2	302	1e-56	 187
Human_MHC_DNA	iteration_294	45.55	292	159	0	43	918	15	306	2e-56	 187
Human_MHC_DNA	iteration_338	43.46	306	173	0	1	918	1	306	4e-56	 186
Human_MHC_DNA	iteration_346	46.21	290	144	5	46	897	16	299	4e-56	 186
Human_MHC_DNA	iteration_328	42.67	307	176	0	1	921	1	307	2e-55	 184
Human_MHC_DNA	iteration_332	44.21	337	182	2	1	1002	1	334	3e-55	 184
Human_MHC_DNA	iteration_344	42.30	305	176	0	4	918	2	306	3e-55	 184
Human_MHC_DNA	iteration_342	44.19	301	168	0	19	921	7	307	4e-55	 183
Human_MHC_DNA	iteration_318	44.41	331	184	0	10	1002	4	334	1e-54	 182
Human_MHC_DNA	iteration_353	42.16	306	177	0	4	921	2	307	2e-54	 181
Human_MHC_DNA	iteration_310	43.75	304	171	0	1	912	1	304	8e-54	 180
Human_MHC_DNA	iteration_304	43.60	289	163	0	52	918	18	306	2e-53	 179
Human_MHC_DNA	iteration_350	43.06	288	164	0	52	915	18	305	4e-53	 178
Human_MHC_DNA	iteration_316	44.37	302	168	0	13	918	5	306	5e-53	 178
Human_MHC_DNA	iteration_355	44.77	277	153	0	13	843	5	281	8e-53	 177
Human_MHC_DNA	iteration_319	40.61	293	174	0	43	921	15	307	2e-52	 176
Human_MHC_DNA	iteration_354	40.92	303	179	0	4	912	2	304	4e-52	 175
Human_MHC_DNA	iteration_321	43.32	307	172	2	4	921	2	307	6e-52	 175
Human_MHC_DNA	iteration_323	43.46	283	160	0	7	855	3	285	3e-51	 173
Human_MHC_DNA	iteration_393	41.30	293	172	0	43	921	15	307	7e-51	 172
Human_MHC_DNA	iteration_347	42.86	287	160	2	64	918	22	306	2e-50	 171
Human_MHC_DNA	iteration_339	43.46	306	173	0	1	918	1	306	2e-50	 171
Human_MHC_DNA	iteration_397	40.48	336	196	2	1	1002	1	334	3e-50	 170
Human_MHC_DNA	iteration_361	43.64	291	158	2	58	921	20	307	3e-50	 170
Human_MHC_DNA	iteration_335	40.98	305	180	0	4	918	2	306	5e-50	 170
Human_MHC_DNA	iteration_377	41.25	303	178	0	1	909	1	303	9e-50	 169
Human_MHC_DNA	iteration_375	41.79	280	159	1	49	876	13	292	8e-49	 166
Human_MHC_DNA	iteration_333	41.24	291	171	0	43	915	15	305	9e-49	 166
Human_MHC_DNA	iteration_315	42.86	301	172	0	10	912	4	304	2e-48	 165
Human_MHC_DNA	iteration_340	40.72	307	182	0	1	921	1	307	3e-48	 165
Human_MHC_DNA	iteration_394	39.67	305	184	0	4	918	2	306	3e-48	 165
Human_MHC_DNA	iteration_390	41.10	292	172	0	46	921	16	307	7e-48	 164
Human_MHC_DNA	iteration_349	40.07	307	182	2	1	918	1	306	1e-47	 163
Human_MHC_DNA	iteration_410	39.86	291	171	2	52	918	18	306	2e-47	 162
Human_MHC_DNA	iteration_356	39.14	304	181	2	13	918	5	306	4e-47	 162
Human_MHC_DNA	iteration_357	41.04	307	181	0	1	921	1	307	5e-47	 162
Human_MHC_DNA	iteration_367	39.74	302	182	0	16	921	6	307	8e-47	 161
Human_MHC_DNA	iteration_437	37.79	307	189	2	4	921	2	307	1e-46	 161
Human_MHC_DNA	iteration_386	40.20	306	183	0	1	918	1	306	1e-46	 160
Human_MHC_DNA	iteration_368	40.13	314	188	0	61	1002	21	334	2e-46	 160
Human_MHC_DNA	iteration_362	39.67	305	184	0	4	918	2	306	7e-46	 159
Human_MHC_DNA	iteration_441	40.35	285	158	5	85	921	29	307	1e-45	 158
Human_MHC_DNA	iteration_411	38.79	281	172	0	46	888	16	296	3e-45	 157
Human_MHC_DNA	iteration_348	42.28	272	156	1	43	858	15	285	1e-44	 155
Human_MHC_DNA	iteration_387	41.31	305	179	0	4	918	2	306	2e-44	 155
Human_MHC_DNA	iteration_378	38.80	299	183	0	1	897	1	299	3e-44	 154
Human_MHC_DNA	iteration_366	39.18	291	177	0	43	915	15	305	3e-44	 154
Human_MHC_DNA	iteration_420	38.38	284	175	0	70	921	24	307	4e-44	 154
Human_MHC_DNA	iteration_388	40.24	338	194	2	1	1002	1	334	9e-44	 153
Human_MHC_DNA	iteration_379	39.02	305	180	2	10	915	4	305	1e-43	 152
Human_MHC_DNA	iteration_372	39.79	284	171	0	70	921	24	307	1e-43	 152
Human_MHC_DNA	iteration_351	39.80	304	183	0	7	918	3	306	2e-43	 152
Human_MHC_DNA	iteration_373	40.22	276	165	0	94	921	32	307	4e-43	 151
Human_MHC_DNA	iteration_369	36.93	306	193	0	1	918	1	306	8e-43	 150
Human_MHC_DNA	iteration_343	40.64	283	168	0	58	906	20	302	9e-43	 150
Human_MHC_DNA	iteration_424	38.69	305	187	0	7	921	3	307	1e-42	 150
Human_MHC_DNA	iteration_391	39.87	306	184	0	4	921	2	307	1e-42	 149
Human_MHC_DNA	iteration_337	39.09	307	187	0	1	921	1	307	3e-42	 149
Human_MHC_DNA	iteration_365	40.64	283	168	0	70	918	24	306	4e-42	 149
Human_MHC_DNA	iteration_404	38.03	305	189	0	1	915	1	305	1e-40	 144
Human_MHC_DNA	iteration_374	37.85	288	179	0	55	918	19	306	2e-39	 141
Human_MHC_DNA	iteration_364	39.53	339	195	4	1	1002	1	334	2e-39	 141
Human_MHC_DNA	iteration_427	37.28	287	180	0	58	918	20	306	4e-39	 140
Human_MHC_DNA	iteration_426	40.08	247	148	0	133	873	45	291	5e-39	 140
Human_MHC_DNA	iteration_334	39.72	282	170	0	76	921	26	307	6e-39	 140
Human_MHC_DNA	iteration_399	38.74	302	185	0	13	918	5	306	7e-39	 139
Human_MHC_DNA	iteration_395	40.34	290	173	0	1	870	1	290	7e-39	 139
Human_MHC_DNA	iteration_363	40.22	271	162	0	40	852	14	284	2e-38	 138
Human_MHC_DNA	iteration_359	38.41	276	170	0	91	918	31	306	2e-38	 138
Human_MHC_DNA	iteration_385	35.18	307	199	0	1	921	1	307	5e-38	 137
Human_MHC_DNA	iteration_435	36.60	306	192	2	1	915	1	305	5e-38	 137
Human_MHC_DNA	iteration_380	37.70	305	190	0	4	918	2	306	5e-38	 137
Human_MHC_DNA	iteration_413	37.50	320	200	0	43	1002	15	334	6e-38	 137
Human_MHC_DNA	iteration_371	38.78	294	172	2	49	918	17	306	6e-38	 137
Human_MHC_DNA	iteration_405	36.23	334	213	0	1	1002	1	334	7e-38	 137
Human_MHC_DNA	iteration_360	38.06	310	186	2	1	921	1	307	1e-37	 136
Human_MHC_DNA	iteration_403	38.24	306	189	0	1	918	1	306	2e-37	 135
Human_MHC_DNA	iteration_376	38.57	293	162	8	40	891	14	297	2e-37	 135
Human_MHC_DNA	iteration_381	40.20	296	169	2	4	879	2	293	6e-37	 134
Human_MHC_DNA	iteration_451	37.45	267	167	0	121	921	41	307	1e-36	 133
Human_MHC_DNA	iteration_400	38.06	289	179	0	7	873	3	291	3e-36	 132
Human_MHC_DNA	iteration_418	37.10	283	166	4	49	879	17	293	5e-36	 132
Human_MHC_DNA	iteration_421	36.05	294	188	0	1	882	1	294	1e-35	 130
Human_MHC_DNA	iteration_414	37.13	307	185	6	10	918	4	306	2e-35	 130
Human_MHC_DNA	iteration_370	41.11	253	149	0	1	759	1	253	2e-35	 130
Human_MHC_DNA	iteration_382	37.67	292	180	2	43	915	15	305	3e-35	 129
Human_MHC_DNA	iteration_425	35.81	296	190	0	1	888	1	296	4e-35	 129
Human_MHC_DNA	iteration_412	35.94	281	180	0	43	885	15	295	4e-35	 129
Human_MHC_DNA	iteration_407	40.85	235	139	0	181	885	61	295	8e-35	 128
Human_MHC_DNA	iteration_409	36.03	297	184	5	40	921	14	307	1e-33	 125
Human_MHC_DNA	iteration_419	37.32	284	178	0	40	891	14	297	2e-33	 124
Human_MHC_DNA	iteration_417	36.43	291	180	3	46	915	16	302	1e-32	 122
Human_MHC_DNA	iteration_430	36.30	292	185	1	46	921	16	306	3e-32	 120
Human_MHC_DNA	iteration_434	37.85	325	184	4	49	996	17	332	3e-32	 120
Human_MHC_DNA	iteration_402	35.59	281	181	0	79	921	27	307	6e-32	 120
Human_MHC_DNA	iteration_455	34.43	334	213	3	16	1002	2	334	6e-32	 120
Human_MHC_DNA	iteration_440	34.48	290	184	2	46	906	16	302	9e-32	 119
Human_MHC_DNA	iteration_456	36.27	306	195	0	4	921	2	307	2e-31	 119
Human_MHC_DNA	iteration_423	35.18	307	199	0	1	921	1	307	2e-31	 118
Human_MHC_DNA	iteration_383	35.52	290	187	0	52	921	18	307	3e-31	 118
Human_MHC_DNA	iteration_398	35.29	289	187	0	55	921	19	307	3e-31	 117
Human_MHC_DNA	iteration_478	34.06	276	178	2	43	864	15	288	6e-31	 117
Human_MHC_DNA	iteration_433	36.01	286	181	2	67	921	23	307	7e-31	 117
Human_MHC_DNA	iteration_389	36.43	269	171	0	70	876	24	292	3e-30	 115
Human_MHC_DNA	iteration_481	34.57	269	176	0	76	882	26	294	3e-30	 115
Human_MHC_DNA	iteration_415	34.47	293	192	0	43	921	15	307	5e-30	 114
Human_MHC_DNA	iteration_503	33.81	281	186	0	79	921	27	307	2e-29	 113
Human_MHC_DNA	iteration_442	34.09	264	170	2	97	882	33	294	2e-29	 113
Human_MHC_DNA	iteration_463	34.63	309	194	4	7	921	3	307	3e-29	 112
Human_MHC_DNA	iteration_439	33.55	310	196	2	7	921	3	307	3e-29	 112
Human_MHC_DNA	iteration_392	35.54	287	183	1	52	906	16	302	7e-29	 111
Human_MHC_DNA	iteration_408	34.35	294	191	2	40	918	14	306	8e-29	 110
Human_MHC_DNA	iteration_396	35.27	292	189	0	43	918	15	306	1e-28	 110
Human_MHC_DNA	iteration_449	33.55	304	202	0	7	918	3	306	4e-28	 108
Human_MHC_DNA	iteration_454	35.21	284	184	0	40	891	14	297	5e-28	 108
Human_MHC_DNA	iteration_432	37.07	232	146	0	64	759	22	253	5e-28	 108
Human_MHC_DNA	iteration_452	36.03	297	173	5	46	915	16	302	6e-28	 108
Human_MHC_DNA	iteration_422	32.89	304	204	0	4	915	2	305	1e-27	 107
Human_MHC_DNA	iteration_446	33.90	295	195	0	1	885	1	295	2e-27	 106
Human_MHC_DNA	iteration_443	34.68	297	184	3	43	918	15	306	3e-27	 106
Human_MHC_DNA	iteration_416	34.13	293	191	2	40	915	14	305	5e-27	 105
Human_MHC_DNA	iteration_515	34.10	305	201	0	7	921	3	307	5e-27	 105
Human_MHC_DNA	iteration_496	32.83	265	178	0	127	921	43	307	7e-27	 105
Human_MHC_DNA	iteration_460	32.97	279	186	1	58	894	20	297	4e-26	 102
Human_MHC_DNA	iteration_499	32.32	297	197	2	1	885	1	295	7e-26	 102
Human_MHC_DNA	iteration_493	33.68	291	193	0	43	915	15	305	1e-25	 101
Human_MHC_DNA	iteration_431	33.44	305	193	2	19	918	7	306	1e-25	 101
Human_MHC_DNA	iteration_459	35.61	278	175	2	85	912	29	304	3e-25	 100
Human_MHC_DNA	iteration_470	32.26	310	204	2	1	921	1	307	1e-24	99.0
Human_MHC_DNA	iteration_401	32.31	294	199	0	40	921	14	307	1e-24	98.6
Human_MHC_DNA	iteration_453	32.42	293	198	0	4	882	2	294	2e-24	98.2
Human_MHC_DNA	iteration_464	31.91	257	175	0	112	882	38	294	4e-24	97.4
Human_MHC_DNA	iteration_444	32.98	282	189	0	43	888	15	296	4e-24	97.1
Human_MHC_DNA	iteration_461	32.13	305	197	4	1	900	1	300	3e-23	94.7
Human_MHC_DNA	iteration_436	32.22	270	177	1	82	873	22	291	5e-23	94.0
Human_MHC_DNA	iteration_526	30.58	291	202	0	43	915	15	305	7e-23	93.6
Human_MHC_DNA	iteration_504	30.23	258	180	0	40	813	14	271	2e-22	92.4
Human_MHC_DNA	iteration_492	31.51	292	198	2	49	921	17	307	2e-22	92.4
Human_MHC_DNA	iteration_502	30.11	279	192	1	40	876	17	292	4e-22	91.7
Human_MHC_DNA	iteration_457	33.10	290	194	0	43	912	15	304	5e-22	91.3
Human_MHC_DNA	iteration_466	31.19	311	202	2	1	915	1	305	9e-22	90.5
Human_MHC_DNA	iteration_484	33.22	289	191	2	52	915	18	305	1e-21	90.1
Human_MHC_DNA	iteration_488	34.69	245	160	0	184	918	62	306	2e-21	89.7
Human_MHC_DNA	iteration_534	28.06	278	200	0	13	846	5	282	3e-21	89.0
Human_MHC_DNA	iteration_406	32.42	293	198	0	43	921	15	307	4e-21	88.6
Human_MHC_DNA	iteration_445	32.19	292	188	2	1	861	1	287	5e-21	88.6
Human_MHC_DNA	iteration_462	29.57	301	212	0	7	909	3	303	1e-20	87.0
Human_MHC_DNA	iteration_469	33.83	334	221	0	1	1002	1	334	2e-20	86.7
Human_MHC_DNA	iteration_500	32.20	264	179	0	130	921	44	307	2e-20	86.7
Human_MHC_DNA	iteration_477	33.33	261	168	2	64	837	22	279	2e-20	86.7
Human_MHC_DNA	iteration_465	34.33	233	153	0	160	858	54	286	7e-20	85.1
Human_MHC_DNA	iteration_528	31.76	255	174	0	82	846	28	282	8e-20	84.7
Human_MHC_DNA	iteration_468	32.16	283	188	3	43	885	15	295	1e-19	84.7
Human_MHC_DNA	iteration_517	29.51	288	197	2	67	921	23	307	1e-19	84.3
Human_MHC_DNA	iteration_489	31.51	238	159	2	94	801	32	267	1e-19	84.3
Human_MHC_DNA	iteration_550	31.21	282	180	3	97	921	33	307	2e-19	84.3
Human_MHC_DNA	iteration_447	31.95	266	181	0	4	801	2	267	2e-19	84.0
Human_MHC_DNA	iteration_471	33.21	268	177	2	16	816	6	272	3e-19	83.6
Human_MHC_DNA	iteration_472	32.68	254	167	2	94	849	32	283	3e-19	83.2
Human_MHC_DNA	iteration_494	30.60	232	161	0	40	735	14	245	3e-19	83.2
Human_MHC_DNA	iteration_498	32.64	239	159	2	7	720	3	240	5e-19	82.8
Human_MHC_DNA	iteration_467	31.00	300	207	0	16	915	6	305	2e-18	80.9
Human_MHC_DNA	iteration_487	30.25	281	194	2	67	906	23	302	2e-18	80.9
Human_MHC_DNA	iteration_577	31.58	304	196	5	19	912	7	304	3e-18	80.5
Human_MHC_DNA	iteration_535	32.24	214	143	1	46	681	14	227	7e-18	79.3
Human_MHC_DNA	iteration_491	30.69	290	201	0	52	921	18	307	1e-17	79.0
Human_MHC_DNA	iteration_474	29.79	292	191	2	43	897	15	299	2e-17	78.2
Human_MHC_DNA	iteration_525	29.65	226	139	3	40	687	14	229	2e-17	77.8
Human_MHC_DNA	iteration_545	30.29	274	187	2	1	816	1	272	3e-17	77.8
Human_MHC_DNA	iteration_544	30.94	265	177	3	76	861	26	287	3e-17	77.4
Human_MHC_DNA	iteration_479	30.46	302	192	6	40	918	14	306	4e-17	77.0
Human_MHC_DNA	iteration_497	32.59	224	145	2	184	846	62	282	8e-17	76.3
Human_MHC_DNA	iteration_486	30.19	265	179	3	52	837	18	279	1e-16	75.9
Human_MHC_DNA	iteration_558	29.93	294	180	5	79	921	27	307	1e-16	75.9
